c:\users\chengshulei.glbpower\documents\visual studio 2013\projects\diagnosepage_20180118\diagnosepage\debug\vc120.pdb
c:\users\chengshulei.glbpower\documents\visual studio 2013\projects\diagnosepage_20180118\diagnosepage\debug\loaddialog.obj
c:\users\chengshulei.glbpower\documents\visual studio 2013\projects\diagnosepage_20180118\diagnosepage\debug\moc_writeecupage.obj
c:\users\chengshulei.glbpower\documents\visual studio 2013\projects\diagnosepage_20180118\diagnosepage\debug\moc_specialfunction.obj
c:\users\chengshulei.glbpower\documents\visual studio 2013\projects\diagnosepage_20180118\diagnosepage\debug\moc_selectmodelpage.obj
c:\users\chengshulei.glbpower\documents\visual studio 2013\projects\diagnosepage_20180118\diagnosepage\debug\moc_routinecontrol.obj
c:\users\chengshulei.glbpower\documents\visual studio 2013\projects\diagnosepage_20180118\diagnosepage\debug\moc_readrealtimedata.obj
c:\users\chengshulei.glbpower\documents\visual studio 2013\projects\diagnosepage_20180118\diagnosepage\debug\moc_readecu.obj
c:\users\chengshulei.glbpower\documents\visual studio 2013\projects\diagnosepage_20180118\diagnosepage\debug\moc_prompt.obj
c:\users\chengshulei.glbpower\documents\visual studio 2013\projects\diagnosepage_20180118\diagnosepage\debug\moc_operatecontrol.obj
c:\users\chengshulei.glbpower\documents\visual studio 2013\projects\diagnosepage_20180118\diagnosepage\debug\moc_loaddialog.obj
c:\users\chengshulei.glbpower\documents\visual studio 2013\projects\diagnosepage_20180118\diagnosepage\debug\moc_diagnosepage.obj
c:\users\chengshulei.glbpower\documents\visual studio 2013\projects\diagnosepage_20180118\diagnosepage\debug\moc_dealsettingfile.obj
c:\users\chengshulei.glbpower\documents\visual studio 2013\projects\diagnosepage_20180118\diagnosepage\debug\moc_dealfault.obj
c:\users\chengshulei.glbpower\documents\visual studio 2013\projects\diagnosepage_20180118\diagnosepage\debug\moc_communicationpage.obj
c:\users\chengshulei.glbpower\documents\visual studio 2013\projects\diagnosepage_20180118\diagnosepage\debug\moc_communicationcontrol.obj
c:\users\chengshulei.glbpower\documents\visual studio 2013\projects\diagnosepage_20180118\diagnosepage\debug\diagnosepage.obj
c:\users\chengshulei.glbpower\documents\visual studio 2013\projects\diagnosepage_20180118\diagnosepage\debug\dealsettingfile.obj
c:\users\chengshulei.glbpower\documents\visual studio 2013\projects\diagnosepage_20180118\diagnosepage\debug\dealfault.obj
c:\users\chengshulei.glbpower\documents\visual studio 2013\projects\diagnosepage_20180118\diagnosepage\debug\communicationpage.obj
c:\users\chengshulei.glbpower\documents\visual studio 2013\projects\diagnosepage_20180118\diagnosepage\debug\communicationcontrol.obj
c:\users\chengshulei.glbpower\documents\visual studio 2013\projects\diagnosepage_20180118\diagnosepage\debug\writeecupage.obj
c:\users\chengshulei.glbpower\documents\visual studio 2013\projects\diagnosepage_20180118\diagnosepage\debug\specialfunction.obj
c:\users\chengshulei.glbpower\documents\visual studio 2013\projects\diagnosepage_20180118\diagnosepage\debug\selectmodelpage.obj
c:\users\chengshulei.glbpower\documents\visual studio 2013\projects\diagnosepage_20180118\diagnosepage\debug\routinecontrol.obj
c:\users\chengshulei.glbpower\documents\visual studio 2013\projects\diagnosepage_20180118\diagnosepage\debug\readrealtimedata.obj
c:\users\chengshulei.glbpower\documents\visual studio 2013\projects\diagnosepage_20180118\diagnosepage\debug\readecu.obj
c:\users\chengshulei.glbpower\documents\visual studio 2013\projects\diagnosepage_20180118\diagnosepage\debug\prompt.obj
c:\users\chengshulei.glbpower\documents\visual studio 2013\projects\diagnosepage_20180118\diagnosepage\debug\operatecontrol.obj
c:\users\chengshulei.glbpower\documents\visual studio 2013\projects\diagnosepage_20180118\diagnosepage\debug\main.obj
c:\users\chengshulei.glbpower\documents\visual studio 2013\projects\diagnosepage_20180118\diagnosepage\debug\log.obj
c:\users\chengshulei.glbpower\documents\visual studio 2013\projects\diagnosepage_20180118\diagnosepage\debug\qrc_diagnosepage.obj
c:\users\chengshulei.glbpower\documents\visual studio 2013\projects\diagnosepage_20180118\diagnosepage\generatedfiles\debug\moc_diagnosepage.cpp
c:\users\chengshulei.glbpower\documents\visual studio 2013\projects\diagnosepage_20180118\diagnosepage\generatedfiles\debug\moc_communicationpage.cpp
c:\users\chengshulei.glbpower\documents\visual studio 2013\projects\diagnosepage_20180118\diagnosepage\generatedfiles\debug\moc_communicationcontrol.cpp
c:\users\chengshulei.glbpower\documents\visual studio 2013\projects\diagnosepage_20180118\diagnosepage\generatedfiles\debug\moc_dealsettingfile.cpp
c:\users\chengshulei.glbpower\documents\visual studio 2013\projects\diagnosepage_20180118\diagnosepage\generatedfiles\debug\moc_prompt.cpp
c:\users\chengshulei.glbpower\documents\visual studio 2013\projects\diagnosepage_20180118\diagnosepage\generatedfiles\debug\moc_operatecontrol.cpp
c:\users\chengshulei.glbpower\documents\visual studio 2013\projects\diagnosepage_20180118\diagnosepage\generatedfiles\debug\moc_loaddialog.cpp
c:\users\chengshulei.glbpower\documents\visual studio 2013\projects\diagnosepage_20180118\diagnosepage\generatedfiles\debug\moc_routinecontrol.cpp
c:\users\chengshulei.glbpower\documents\visual studio 2013\projects\diagnosepage_20180118\diagnosepage\generatedfiles\debug\moc_writeecupage.cpp
c:\users\chengshulei.glbpower\documents\visual studio 2013\projects\diagnosepage_20180118\diagnosepage\generatedfiles\debug\moc_specialfunction.cpp
c:\users\chengshulei.glbpower\documents\visual studio 2013\projects\diagnosepage_20180118\diagnosepage\generatedfiles\debug\moc_dealfault.cpp
c:\users\chengshulei.glbpower\documents\visual studio 2013\projects\diagnosepage_20180118\diagnosepage\generatedfiles\debug\moc_readecu.cpp
c:\users\chengshulei.glbpower\documents\visual studio 2013\projects\diagnosepage_20180118\diagnosepage\generatedfiles\debug\moc_readrealtimedata.cpp
c:\users\chengshulei.glbpower\documents\visual studio 2013\projects\diagnosepage_20180118\diagnosepage\generatedfiles\debug\moc_selectmodelpage.cpp
c:\users\chengshulei.glbpower\documents\visual studio 2013\projects\diagnosepage_20180118\diagnosepage\generatedfiles\qrc_diagnosepage.cpp
c:\users\chengshulei.glbpower\documents\visual studio 2013\projects\diagnosepage_20180118\diagnosepage\generatedfiles\ui_diagnosis.h
c:\users\chengshulei.glbpower\documents\visual studio 2013\projects\diagnosepage_20180118\diagnosepage\generatedfiles\ui_selectmodel.h
c:\users\chengshulei.glbpower\documents\visual studio 2013\projects\diagnosepage_20180118\diagnosepage\generatedfiles\ui_ecu.h
c:\users\chengshulei.glbpower\documents\visual studio 2013\projects\diagnosepage_20180118\diagnosepage\generatedfiles\ui_realtimedata.h
c:\users\chengshulei.glbpower\documents\visual studio 2013\projects\diagnosepage_20180118\diagnosepage\generatedfiles\ui_fault.h
c:\users\chengshulei.glbpower\documents\visual studio 2013\projects\diagnosepage_20180118\diagnosepage\generatedfiles\ui_special.h
c:\users\chengshulei.glbpower\documents\visual studio 2013\projects\diagnosepage_20180118\diagnosepage\generatedfiles\ui_writeecu.h
c:\users\chengshulei.glbpower\documents\visual studio 2013\projects\diagnosepage_20180118\diagnosepage\generatedfiles\ui_communication.h
c:\users\chengshulei.glbpower\documents\visual studio 2013\projects\diagnosepage_20180118\diagnosepage\generatedfiles\ui_promptdialog.h
c:\users\chengshulei.glbpower\documents\visual studio 2013\projects\diagnosepage_20180118\diagnosepage\generatedfiles\ui_control.h
c:\users\chengshulei.glbpower\documents\visual studio 2013\projects\diagnosepage_20180118\diagnosepage\generatedfiles\ui_ocontrol.h
c:\users\chengshulei.glbpower\documents\visual studio 2013\projects\diagnosepage_20180118\diagnosepage\generatedfiles\ui_rcontrol.h
c:\users\chengshulei.glbpower\documents\visual studio 2013\projects\diagnosepage_20180118\diagnosepage\generatedfiles\ui_loading.h
c:\users\chengshulei.glbpower\documents\visual studio 2013\projects\diagnosepage_20180118\win32\debug\diagnosepage.ilk
c:\users\chengshulei.glbpower\documents\visual studio 2013\projects\diagnosepage_20180118\win32\debug\diagnosepage.exe
c:\users\chengshulei.glbpower\documents\visual studio 2013\projects\diagnosepage_20180118\win32\debug\diagnosepage.pdb
c:\users\chengshulei.glbpower\documents\visual studio 2013\projects\diagnosepage_20180118\diagnosepage\debug\diagnosepage.res
c:\users\chengshulei.glbpower\documents\visual studio 2013\projects\diagnosepage_20180118\diagnosepage\debug\diagnosepage.tlog\cl.command.1.tlog
c:\users\chengshulei.glbpower\documents\visual studio 2013\projects\diagnosepage_20180118\diagnosepage\debug\diagnosepage.tlog\cl.read.1.tlog
c:\users\chengshulei.glbpower\documents\visual studio 2013\projects\diagnosepage_20180118\diagnosepage\debug\diagnosepage.tlog\cl.write.1.tlog
c:\users\chengshulei.glbpower\documents\visual studio 2013\projects\diagnosepage_20180118\diagnosepage\debug\diagnosepage.tlog\custombuild.command.1.tlog
c:\users\chengshulei.glbpower\documents\visual studio 2013\projects\diagnosepage_20180118\diagnosepage\debug\diagnosepage.tlog\custombuild.read.1.tlog
c:\users\chengshulei.glbpower\documents\visual studio 2013\projects\diagnosepage_20180118\diagnosepage\debug\diagnosepage.tlog\custombuild.write.1.tlog
c:\users\chengshulei.glbpower\documents\visual studio 2013\projects\diagnosepage_20180118\diagnosepage\debug\diagnosepage.tlog\link.command.1.tlog
c:\users\chengshulei.glbpower\documents\visual studio 2013\projects\diagnosepage_20180118\diagnosepage\debug\diagnosepage.tlog\link.read.1.tlog
c:\users\chengshulei.glbpower\documents\visual studio 2013\projects\diagnosepage_20180118\diagnosepage\debug\diagnosepage.tlog\link.write.1.tlog
c:\users\chengshulei.glbpower\documents\visual studio 2013\projects\diagnosepage_20180118\diagnosepage\debug\diagnosepage.tlog\rc.command.1.tlog
c:\users\chengshulei.glbpower\documents\visual studio 2013\projects\diagnosepage_20180118\diagnosepage\debug\diagnosepage.tlog\rc.read.1.tlog
c:\users\chengshulei.glbpower\documents\visual studio 2013\projects\diagnosepage_20180118\diagnosepage\debug\diagnosepage.tlog\rc.write.1.tlog
