生成启动时间为 2018/3/26 13:55:29。
     1>项目“C:\Users\chengshulei.GLBPOWER\Documents\Visual Studio 2013\Projects\DiagnosePage_20180118\DiagnosePage\DiagnosePage.vcxproj”在节点 2 上(Rebuild 个目标)。
     1>CustomBuild:
         Moc'ing DiagnosePage.h...
         Moc'ing CommunicationPage.h...
         Moc'ing CommunicationControl.h...
         Moc'ing DealSettingFile.h...
         Moc'ing Prompt.h...
         Moc'ing OperateControl.h...
         Moc'ing LoadDialog.h...
         Moc'ing RoutineControl.h...
         Moc'ing WriteECUPage.h...
         Moc'ing SpecialFunction.h...
         Moc'ing DealFault.h...
         Moc'ing ReadECU.h...
         Moc'ing ReadRealTimeData.h...
         Moc'ing SelectModelPage.h...
         Rcc'ing DiagnosePage.qrc...
     1>RCC : warning : No resources in 'C:\Users\chengshulei.GLBPOWER\Documents\Visual Studio 2013\Projects\DiagnosePage_20180118\DiagnosePage\DiagnosePage.qrc'.
         
         Uic'ing Diagnosis.ui...
         Uic'ing SelectModel.ui...
         Uic'ing ECU.ui...
         Uic'ing RealTimeData.ui...
         Uic'ing Fault.ui...
         Uic'ing Special.ui...
         Uic'ing writeECU.ui...
         Uic'ing Communication.ui...
         Uic'ing PromptDialog.ui...
         Uic'ing Control.ui...
         Uic'ing OControl.ui...
         Uic'ing RControl.ui...
         Uic'ing Loading.ui...
       ClCompile:
         C:\Program Files (x86)\Microsoft Visual Studio 12.0\VC\bin\CL.exe /c /I.\GeneratedFiles /I. /IC:\Qt\Qt5.7.1\5.7\msvc2013\include /I.\GeneratedFiles\Debug /IC:\Qt\Qt5.7.1\5.7\msvc2013\include\QtCore /IC:\Qt\Qt5.7.1\5.7\msvc2013\include\QtGui /IC:\Qt\Qt5.7.1\5.7\msvc2013\include\QtWidgets /ID:\boost_1_63_0 /Zi /nologo /W1 /WX- /Od /Oy- /D UNICODE /D WIN32 /D WIN64 /D QT_DLL /D QT_CORE_LIB /D QT_GUI_LIB /D QT_WIDGETS_LIB /Gm- /EHsc /MDd /GS /fp:precise /Zc:wchar_t /Zc:forScope /Fo"Debug\\" /Fd"Debug\vc120.pdb" /Gd /TP /analyze- /errorReport:prompt CommunicationControl.cpp CommunicationPage.cpp DealFault.cpp DealSettingFile.cpp DiagnosePage.cpp GeneratedFiles\Debug\moc_CommunicationControl.cpp GeneratedFiles\Debug\moc_CommunicationPage.cpp GeneratedFiles\Debug\moc_DealFault.cpp GeneratedFiles\Debug\moc_DealSettingFile.cpp GeneratedFiles\Debug\moc_DiagnosePage.cpp GeneratedFiles\Debug\moc_LoadDialog.cpp GeneratedFiles\Debug\moc_OperateControl.cpp GeneratedFiles\Debug\moc_Prompt.cpp GeneratedFiles\Debug\moc_ReadECU.cpp GeneratedFiles\Debug\moc_ReadRealTimeData.cpp GeneratedFiles\Debug\moc_RoutineControl.cpp GeneratedFiles\Debug\moc_SelectModelPage.cpp GeneratedFiles\Debug\moc_SpecialFunction.cpp GeneratedFiles\Debug\moc_WriteECUPage.cpp LoadDialog.cpp Log.cpp main.cpp OperateControl.cpp Prompt.cpp ReadECU.cpp ReadRealTimeData.cpp RoutineControl.cpp SelectModelPage.cpp SpecialFunction.cpp WriteECUPage.cpp
         CommunicationControl.cpp
         CommunicationPage.cpp
         DealFault.cpp
         DealSettingFile.cpp
         DiagnosePage.cpp
     1>CL : warning : Boost.Coroutine is now deprecated. Please switch to Boost.Coroutine2. To disable this warning message, define BOOST_COROUTINES_NO_DEPRECATION_WARNING.
     1>CL : warning : Boost.Coroutine is now deprecated. Please switch to Boost.Coroutine2. To disable this warning message, define BOOST_COROUTINES_NO_DEPRECATION_WARNING.
     1>CL : warning : Boost.Coroutine is now deprecated. Please switch to Boost.Coroutine2. To disable this warning message, define BOOST_COROUTINES_NO_DEPRECATION_WARNING.
         moc_CommunicationControl.cpp
         moc_CommunicationPage.cpp
         moc_DealFault.cpp
         moc_DealSettingFile.cpp
         moc_DiagnosePage.cpp
     1>CL : warning : Boost.Coroutine is now deprecated. Please switch to Boost.Coroutine2. To disable this warning message, define BOOST_COROUTINES_NO_DEPRECATION_WARNING.
     1>CL : warning : Boost.Coroutine is now deprecated. Please switch to Boost.Coroutine2. To disable this warning message, define BOOST_COROUTINES_NO_DEPRECATION_WARNING.
     1>CL : warning : Boost.Coroutine is now deprecated. Please switch to Boost.Coroutine2. To disable this warning message, define BOOST_COROUTINES_NO_DEPRECATION_WARNING.
         moc_LoadDialog.cpp
         moc_OperateControl.cpp
         moc_Prompt.cpp
         moc_ReadECU.cpp
         moc_ReadRealTimeData.cpp
         moc_RoutineControl.cpp
         moc_SelectModelPage.cpp
         moc_SpecialFunction.cpp
         moc_WriteECUPage.cpp
         LoadDialog.cpp
         正在生成代码...
         正在编译...
         Log.cpp
         main.cpp
     1>CL : warning : Boost.Coroutine is now deprecated. Please switch to Boost.Coroutine2. To disable this warning message, define BOOST_COROUTINES_NO_DEPRECATION_WARNING.
     1>CL : warning : Boost.Coroutine is now deprecated. Please switch to Boost.Coroutine2. To disable this warning message, define BOOST_COROUTINES_NO_DEPRECATION_WARNING.
     1>CL : warning : Boost.Coroutine is now deprecated. Please switch to Boost.Coroutine2. To disable this warning message, define BOOST_COROUTINES_NO_DEPRECATION_WARNING.
         OperateControl.cpp
         Prompt.cpp
         ReadECU.cpp
         ReadRealTimeData.cpp
         RoutineControl.cpp
         SelectModelPage.cpp
         SpecialFunction.cpp
         WriteECUPage.cpp
         正在生成代码...
         C:\Program Files (x86)\Microsoft Visual Studio 12.0\VC\bin\CL.exe /c /I.\GeneratedFiles /I. /IC:\Qt\Qt5.7.1\5.7\msvc2013\include /I.\GeneratedFiles\Debug /IC:\Qt\Qt5.7.1\5.7\msvc2013\include\QtCore /IC:\Qt\Qt5.7.1\5.7\msvc2013\include\QtGui /IC:\Qt\Qt5.7.1\5.7\msvc2013\include\QtWidgets /ID:\boost_1_63_0 /Zi /nologo /W1 /WX- /Od /Oy- /D UNICODE /D WIN32 /D WIN64 /D QT_DLL /D QT_CORE_LIB /D QT_GUI_LIB /D QT_WIDGETS_LIB /Gm- /EHsc /MDd /GS /fp:precise /Zc:wchar_t /Zc:forScope /Fo"Debug\\" /Fd"Debug\vc120.pdb" /Gd /TP /analyze- /errorReport:prompt GeneratedFiles\qrc_DiagnosePage.cpp
         qrc_DiagnosePage.cpp
       ResourceCompile:
         C:\Program Files (x86)\Windows Kits\8.1\bin\x86\rc.exe /l"0x0409" /nologo /fo"Debug\DiagnosePage.res" DiagnosePage.rc 
       Link:
         C:\Program Files (x86)\Microsoft Visual Studio 12.0\VC\bin\link.exe /ERRORREPORT:PROMPT /OUT:"C:\Users\chengshulei.GLBPOWER\Documents\Visual Studio 2013\Projects\DiagnosePage_20180118\Win32\Debug\\DiagnosePage.exe" /NOLOGO /LIBPATH:C:\Qt\Qt5.7.1\5.7\msvc2013\lib /LIBPATH:D:\boost_1_63_0\bin\vc12\lib qtmaind.lib Qt5Cored.lib Qt5Guid.lib Qt5Widgetsd.lib kernel32.lib user32.lib gdi32.lib winspool.lib comdlg32.lib advapi32.lib shell32.lib ole32.lib oleaut32.lib uuid.lib odbc32.lib odbccp32.lib /MANIFEST /MANIFESTUAC:"level='asInvoker' uiAccess='false'" /manifest:embed /DEBUG /PDB:"C:\Users\chengshulei.GLBPOWER\Documents\Visual Studio 2013\Projects\DiagnosePage_20180118\Win32\Debug\DiagnosePage.pdb" /SUBSYSTEM:WINDOWS /TLBID:1 /DYNAMICBASE /NXCOMPAT /IMPLIB:"C:\Users\chengshulei.GLBPOWER\Documents\Visual Studio 2013\Projects\DiagnosePage_20180118\Win32\Debug\DiagnosePage.lib" /MACHINE:X86 /SAFESEH /SAFESEH:NO Debug\DiagnosePage.res
         Debug\CommunicationControl.obj
         Debug\CommunicationPage.obj
         Debug\DealFault.obj
         Debug\DealSettingFile.obj
         Debug\DiagnosePage.obj
         Debug\moc_CommunicationControl.obj
         Debug\moc_CommunicationPage.obj
         Debug\moc_DealFault.obj
         Debug\moc_DealSettingFile.obj
         Debug\moc_DiagnosePage.obj
         Debug\moc_LoadDialog.obj
         Debug\moc_OperateControl.obj
         Debug\moc_Prompt.obj
         Debug\moc_ReadECU.obj
         Debug\moc_ReadRealTimeData.obj
         Debug\moc_RoutineControl.obj
         Debug\moc_SelectModelPage.obj
         Debug\moc_SpecialFunction.obj
         Debug\moc_WriteECUPage.obj
         Debug\qrc_DiagnosePage.obj
         Debug\LoadDialog.obj
         Debug\Log.obj
         Debug\main.obj
         Debug\OperateControl.obj
         Debug\Prompt.obj
         Debug\ReadECU.obj
         Debug\ReadRealTimeData.obj
         Debug\RoutineControl.obj
         Debug\SelectModelPage.obj
         Debug\SpecialFunction.obj
         Debug\WriteECUPage.obj
         DiagnosePage.vcxproj -> C:\Users\chengshulei.GLBPOWER\Documents\Visual Studio 2013\Projects\DiagnosePage_20180118\Win32\Debug\DiagnosePage.exe
       PostBuildEvent:
         "C:\Users\chengshulei.GLBPOWER\Documents\Visual Studio 2013\Projects\DiagnosePage_20180118\Win32\Debug\\VersionControl.exe"
         :VCEnd
         [version]
         version=2.03.004.0013
         Log=2017-10-10 17:14:57  1.01.001.0001
         Log=2017-10-12 11:25:36  1.01.001.0002
         Log=2017-10-12 13:09:16  1.01.001.0003
         Log=2017-10-12 13:25:47  1.01.001.0004
         Log=2017-10-13 16:33:53  1.01.001.0005
         Log=2017-10-13 16:44:28  1.01.001.0006
         Log=2017-10-13 16:47:32  1.01.001.0007
         Log=2017-10-13 16:53:51  1.01.001.0008
         Log=2017-10-13 17:07:57  1.01.001.0009
         Log=2017-10-13 17:24:07  1.01.001.0010
         Log=2017-10-13 17:31:00  1.01.001.0011
         Log=2017-10-13 17:32:25  1.01.001.0012
         Log=2017-10-13 17:33:36  1.01.001.0013
         Log=2017-10-13 17:36:58  1.01.001.0014
         Log=2017-10-17 17:57:56  1.01.001.0015
         Log=2017-10-18 14:36:15  1.01.001.0016
         Log=2017-10-18 14:48:40  1.01.001.0017
         Log=2017-10-18 14:51:09  1.01.001.0018
         Log=2017-10-18 14:58:36  1.01.001.0019
         Log=2017-10-18 15:11:13  1.01.001.0020
         Log=2017-10-19 13:38:29  1.01.001.0021
         Log=2017-10-19 13:42:32  1.01.001.0022
         Log=2017-10-19 13:44:58  1.01.001.0023
         Log=2017-10-19 13:47:41  1.01.001.0024
         Log=2017-10-19 13:49:48  1.01.002.0001
         Log=2017-10-19 13:51:09  1.01.002.0002
         Log=2017-10-19 13:52:35  1.01.002.0003
         Log=2017-10-19 13:54:14  1.01.002.0004
         Log=2017-10-19 14:11:44  1.01.002.0005
         Log=2017-10-19 14:14:50  1.01.002.0006
         Log=2017-10-19 14:20:59  1.01.002.0007
         Log=2017-10-19 14:50:38  1.01.002.0008
         Log=2017-10-19 14:53:35  1.01.002.0009
         Log=2017-10-19 14:58:25  1.01.002.0010
         Log=2017-10-19 15:00:02  1.01.002.0011
         Log=2017-10-19 15:01:07  1.01.002.0012
         Log=2017-10-19 15:02:44  1.01.002.0013
         Log=2017-10-19 15:04:06  1.01.002.0014
         Log=2017-10-19 15:05:41  1.01.002.0015
         Log=2017-10-19 15:07:23  1.01.002.0016
         Log=2017-10-19 15:12:38  1.01.002.0017
         Log=2017-10-19 15:14:25  1.01.002.0018
         Log=2017-10-19 15:25:34  1.01.002.0019
         Log=2017-10-19 15:53:24  1.01.002.0020
         Log=2017-10-19 15:55:47  1.01.002.0021
         Log=2017-10-19 16:27:10  1.01.002.0022
         Log=2017-10-19 16:44:35  1.01.002.0023
         Log=2017-10-19 16:58:13  1.01.002.0024
         Log=2017-10-19 17:00:42  1.01.003.0001
         Log=2017-10-19 17:42:16  1.01.003.0002
         Log=2017-10-20 14:47:58  1.01.003.0003
         Log=2017-10-20 15:19:58  1.01.003.0004
         Log=2017-10-20 15:22:10  1.01.003.0005
         Log=2017-10-20 15:30:19  1.01.003.0006
         Log=2017-10-20 15:46:51  1.01.003.0007
         Log=2017-10-20 16:39:54  1.01.003.0008
         Log=2017-10-20 17:16:05  1.01.003.0009
         Log=2017-10-20 17:27:20  1.01.003.0010
         Log=2017-10-24 17:22:08  1.01.003.0011
         Log=2017-10-24 17:34:43  1.01.003.0012
         Log=2017-10-24 17:36:00  1.01.003.0013
         Log=2017-10-24 17:38:03  1.01.003.0014
         Log=2017-10-24 18:13:23  1.01.003.0015
         Log=2017-10-24 18:16:07  1.01.003.0016
         Log=2017-10-24 18:20:59  1.01.003.0017
         Log=2017-10-24 18:22:43  1.01.003.0018
         Log=2017-10-30 17:48:47  1.01.003.0019
         Log=2017-10-31 15:32:22  1.01.003.0020
         Log=2017-10-31 16:36:27  1.01.003.0021
         Log=2017-11-01 17:16:49  1.01.003.0022
         Log=2017-11-01 17:19:27  1.01.003.0023
         Log=2017-11-01 17:32:58  1.01.003.0024
         Log=2017-11-01 17:42:03  1.01.004.0001
         Log=2017-11-01 17:50:39  1.01.004.0002
         Log=2017-11-01 18:10:54  1.01.004.0003
         Log=2017-11-02 09:24:06  1.01.004.0004
         Log=2017-11-02 11:04:55  1.01.004.0005
         Log=2017-11-02 13:51:45  1.01.004.0006
         Log=2017-11-02 14:06:28  1.01.004.0007
         Log=2017-11-02 14:10:11  1.01.004.0008
         Log=2017-11-02 14:15:59  1.01.004.0009
         Log=2017-11-02 14:19:56  1.01.004.0010
         Log=2017-11-02 14:23:19  1.01.004.0011
         Log=2017-11-02 14:25:44  1.01.004.0012
         Log=2017-11-02 14:27:59  1.01.004.0013
         Log=2017-11-02 14:31:20  1.01.004.0014
         Log=2017-11-02 14:32:24  1.01.004.0015
         Log=2017-11-02 14:44:18  1.01.004.0016
         Log=2017-11-02 14:47:43  1.01.004.0017
         Log=2017-11-02 14:50:13  1.01.004.0018
         Log=2017-11-02 15:20:00  1.01.004.0019
         Log=2017-11-02 16:06:51  1.01.004.0020
         Log=2017-11-02 16:10:43  1.01.004.0021
         Log=2017-11-02 16:12:31  1.01.004.0022
         Log=2017-11-02 16:21:12  1.01.004.0023
         Log=2017-11-02 16:26:02  1.01.004.0024
         Log=2017-11-02 16:50:59  1.01.005.0001
         Log=2017-11-02 17:01:13  1.01.005.0002
         Log=2017-11-02 17:11:38  1.01.005.0003
         Log=2017-11-03 11:36:20  1.01.005.0004
         Log=2017-11-03 13:12:25  1.01.005.0005
         Log=2017-11-03 13:18:57  1.01.005.0006
         Log=2017-11-03 13:22:44  1.01.005.0007
         Log=2017-11-03 13:30:50  1.01.005.0008
         Log=2017-11-03 13:44:17  1.01.005.0009
         Log=2017-11-03 15:01:38  1.01.005.0010
         Log=2017-11-03 15:04:53  1.01.005.0011
         Log=2017-11-03 15:06:43  1.01.005.0012
         Log=2017-11-03 15:16:09  1.01.005.0013
         Log=2017-11-03 15:18:40  1.01.005.0014
         Log=2017-11-03 15:20:25  1.01.005.0015
         Log=2017-11-03 15:24:18  1.01.005.0016
         Log=2017-11-03 15:28:23  1.01.005.0017
         Log=2017-11-03 15:33:04  1.01.005.0018
         Log=2017-11-03 15:34:43  1.01.005.0019
         Log=2017-11-03 15:36:58  1.01.005.0020
         Log=2017-11-03 15:37:20  1.01.005.0021
         Log=2017-11-03 15:38:36  1.01.005.0022
         Log=2017-11-03 15:45:15  1.01.005.0023
         Log=2017-11-03 15:47:26  1.01.005.0024
         Log=2017-11-03 15:57:18  1.02.001.0001
         Log=2017-11-04 17:18:08  1.02.001.0002
         Log=2017-11-04 17:22:29  1.02.001.0003
         Log=2017-11-04 17:37:00  1.02.001.0004
         Log=2017-11-06 10:16:51  1.02.001.0005
         Log=2017-11-06 10:56:01  1.02.001.0006
         Log=2017-11-06 11:00:21  1.02.001.0007
         Log=2017-11-06 11:03:46  1.02.001.0008
         Log=2017-11-06 11:08:04  1.02.001.0009
         Log=2017-11-06 11:11:07  1.02.001.0010
         Log=2017-11-06 11:13:38  1.02.001.0011
         Log=2017-11-06 11:17:55  1.02.001.0012
         Log=2017-11-06 11:20:14  1.02.001.0013
         Log=2017-11-06 11:22:22  1.02.001.0014
         Log=2017-11-06 11:27:03  1.02.001.0015
         Log=2017-11-06 11:32:55  1.02.001.0016
         Log=2017-11-06 13:05:06  1.02.001.0017
         Log=2017-11-06 13:23:13  1.02.001.0018
         Log=2017-11-08 13:27:27  1.02.001.0019
         Log=2017-11-08 19:02:56  1.02.001.0020
         Log=2017-11-09 10:08:23  1.02.001.0021
         Log=2017-11-09 11:07:51  1.02.001.0022
         Log=2017-11-09 14:41:04  1.02.001.0023
         Log=2017-11-09 15:24:43  1.02.001.0024
         Log=2017-11-09 15:29:09  1.02.002.0001
         Log=2017-11-09 15:51:57  1.02.002.0002
         Log=2017-11-10 09:56:31  1.02.002.0003
         Log=2017-11-10 10:02:05  1.02.002.0004
         Log=2017-11-10 10:15:16  1.02.002.0005
         Log=2017-11-10 10:21:04  1.02.002.0006
         Log=2017-11-10 15:43:35  1.02.002.0007
         Log=2017-11-10 15:52:28  1.02.002.0008
         Log=2017-11-10 16:00:51  1.02.002.0009
         Log=2017-11-10 16:02:41  1.02.002.0010
         Log=2017-11-10 16:26:50  1.02.002.0011
         Log=2017-11-10 17:12:46  1.02.002.0012
         Log=2017-11-10 17:14:45  1.02.002.0013
         Log=2017-11-10 17:33:41  1.02.002.0014
         Log=2017-11-10 17:39:50  1.02.002.0015
         Log=2017-11-10 17:44:03  1.02.002.0016
         Log=2017-11-10 17:49:47  1.02.002.0017
         Log=2017-11-10 18:03:38  1.02.002.0018
         Log=2017-11-14 14:17:55  1.02.002.0019
         Log=2017-11-14 17:56:00  1.02.002.0020
         Log=2017-11-14 17:57:53  1.02.002.0021
         Log=2017-11-14 17:59:34  1.02.002.0022
         Log=2017-11-15 10:42:44  1.02.002.0023
         Log=2017-11-15 11:03:13  1.02.002.0024
         Log=2017-11-15 11:16:17  1.02.003.0001
         Log=2017-11-15 13:31:03  1.02.003.0002
         Log=2017-11-15 13:36:42  1.02.003.0003
         Log=2017-11-15 16:17:06  1.02.003.0004
         Log=2017-11-15 17:29:07  1.02.003.0005
         Log=2017-11-29 17:12:34  1.02.003.0006
         Log=2017-11-30 16:54:58  1.02.003.0007
         Log=2017-11-30 17:07:38  1.02.003.0008
         Log=2017-11-30 17:52:53  1.02.003.0009
         Log=2017-11-30 18:22:45  1.02.003.0010
         Log=2017-12-05 15:19:18  1.02.003.0011
         Log=2017-12-05 15:33:48  1.02.003.0012
         Log=2017-12-05 15:38:56  1.02.003.0013
         Log=2017-12-05 15:45:59  1.02.003.0014
         Log=2017-12-05 15:51:58  1.02.003.0015
         Log=2017-12-05 15:54:58  1.02.003.0016
         Log=2017-12-05 16:22:59  1.02.003.0017
         Log=2017-12-05 16:24:12  1.02.003.0018
         Log=2017-12-05 16:55:01  1.02.003.0019
         Log=2017-12-05 17:43:12  1.02.003.0020
         Log=2017-12-06 13:25:35  1.02.003.0021
         Log=2017-12-06 14:38:27  1.02.003.0022
         Log=2017-12-06 14:44:08  1.02.003.0023
         Log=2017-12-06 14:45:35  1.02.003.0024
         Log=2017-12-06 14:47:36  1.02.004.0001
         Log=2017-12-06 15:01:11  1.02.004.0002
         Log=2017-12-06 15:03:21  1.02.004.0003
         Log=2017-12-06 15:07:07  1.02.004.0004
         Log=2017-12-06 15:23:23  1.02.004.0005
         Log=2017-12-06 15:30:27  1.02.004.0006
         Log=2017-12-06 15:49:40  1.02.004.0007
         Log=2017-12-06 15:52:47  1.02.004.0008
         Log=2017-12-06 15:55:53  1.02.004.0009
         Log=2017-12-06 15:59:18  1.02.004.0010
         Log=2017-12-06 16:26:22  1.02.004.0011
         Log=2017-12-06 17:06:38  1.02.004.0012
         Log=2017-12-07 17:33:26  1.02.004.0013
         Log=2017-12-07 17:38:11  1.02.004.0014
         Log=2017-12-07 17:40:13  1.02.004.0015
         Log=2017-12-07 17:48:09  1.02.004.0016
         Log=2017-12-07 17:51:36  1.02.004.0017
         Log=2017-12-07 18:02:04  1.02.004.0018
         Log=2017-12-07 18:12:02  1.02.004.0019
         Log=2017-12-07 18:19:07  1.02.004.0020
         Log=2017-12-07 18:29:02  1.02.004.0021
         Log=2017-12-14 14:31:43  1.02.004.0022
         Log=2017-12-18 13:32:15  1.02.004.0023
         Log=2017-12-20 15:05:31  1.02.004.0024
         Log=2017-12-21 14:19:28  1.02.005.0001
         Log=2017-12-21 14:34:38  1.02.005.0002
         Log=2017-12-21 14:37:39  1.02.005.0003
         Log=2017-12-21 14:42:52  1.02.005.0004
         Log=2017-12-21 14:56:11  1.02.005.0005
         Log=2017-12-27 17:14:53  1.02.005.0006
         Log=2017-12-27 17:27:56  1.02.005.0007
         Log=2017-12-27 17:35:12  1.02.005.0008
         Log=2017-12-28 14:10:28  1.02.005.0009
         Log=2017-12-28 14:13:53  1.02.005.0010
         Log=2017-12-28 14:19:21  1.02.005.0011
         Log=2017-12-28 14:30:37  1.02.005.0012
         Log=2017-12-28 14:37:02  1.02.005.0013
         Log=2017-12-28 14:41:55  1.02.005.0014
         Log=2017-12-28 14:50:34  1.02.005.0015
         Log=2018-01-02 16:19:47  2.01.001.0001
         Log=2018-01-02 16:23:44  2.01.001.0002
         Log=2018-01-02 17:20:48  2.01.001.0003
         Log=2018-01-02 17:27:07  2.01.001.0004
         Log=2018-01-03 13:59:31  2.01.001.0005
         Log=2018-01-03 14:29:34  2.01.001.0006
         Log=2018-01-03 14:49:10  2.01.001.0007
         Log=2018-01-03 15:24:32  2.01.001.0008
         Log=2018-01-03 15:28:21  2.01.001.0009
         Log=2018-01-03 15:52:21  2.01.001.0010
         Log=2018-01-03 17:18:54  2.01.001.0011
         Log=2018-01-04 11:35:02  2.01.001.0012
         Log=2018-01-04 13:19:51  2.01.001.0013
         Log=2018-01-04 13:23:01  2.01.001.0014
         Log=2018-01-04 13:42:43  2.01.001.0015
         Log=2018-01-04 14:38:20  2.01.001.0016
         Log=2018-01-04 15:15:58  2.01.001.0017
         Log=2018-01-04 15:32:09  2.01.001.0018
         Log=2018-01-04 15:38:48  2.01.001.0019
         Log=2018-01-04 15:43:01  2.01.001.0020
         Log=2018-01-04 15:45:54  2.01.001.0021
         Log=2018-01-04 15:47:45  2.01.001.0022
         Log=2018-01-04 16:02:15  2.01.001.0023
         Log=2018-01-04 17:26:01  2.01.001.0024
         Log=2018-01-04 17:39:29  2.01.002.0001
         Log=2018-01-05 11:01:39  2.01.002.0002
         Log=2018-01-05 15:10:56  2.01.002.0003
         Log=2018-01-08 15:04:11  2.01.002.0004
         Log=2018-01-08 15:11:21  2.01.002.0005
         Log=2018-01-08 15:24:16  2.01.002.0006
         Log=2018-01-08 15:28:32  2.01.002.0007
         Log=2018-01-08 15:56:38  2.01.002.0008
         Log=2018-01-08 16:09:30  2.01.002.0009
         Log=2018-01-08 16:22:25  2.01.002.0010
         Log=2018-01-08 16:30:32  2.01.002.0011
         Log=2018-01-08 16:47:17  2.01.002.0012
         Log=2018-01-08 17:33:37  2.01.002.0013
         Log=2018-01-08 17:33:55  2.01.002.0014
         Log=2018-01-08 17:40:41  2.01.002.0015
         Log=2018-01-08 17:45:06  2.01.002.0016
         Log=2018-01-08 17:51:02  2.01.002.0017
         Log=2018-01-08 17:54:14  2.01.002.0018
         Log=2018-01-08 18:06:24  2.01.002.0019
         Log=2018-01-08 18:09:32  2.01.002.0020
         Log=2018-01-09 10:56:58  2.01.002.0021
         Log=2018-01-09 11:05:43  2.01.002.0022
         Log=2018-01-09 11:07:14  2.01.002.0023
         Log=2018-01-09 11:16:56  2.01.002.0024
         Log=2018-01-14 17:02:21  2.01.003.0001
         Log=2018-01-16 10:41:16  2.01.003.0002
         Log=2018-01-18 14:39:58  2.01.003.0003
         Log=2018-01-18 14:55:21  2.01.003.0004
         Log=2018-01-18 14:59:40  2.01.003.0005
         Log=2018-01-18 15:01:06  2.01.003.0006
         Log=2018-01-18 15:02:19  2.01.003.0007
         Log=2018-01-18 15:14:09  2.01.003.0008
         Log=2018-01-18 15:20:22  2.01.003.0009
         Log=2018-01-18 15:24:24  2.01.003.0010
         Log=2018-01-18 16:38:30  2.01.003.0011
         Log=2018-01-18 16:40:28  2.01.003.0012
         Log=2018-01-19 13:31:50  2.01.003.0013
         Log=2018-01-19 13:40:08  2.01.003.0014
         Log=2018-01-19 14:52:39  2.01.003.0015
         Log=2018-01-19 14:59:32  2.01.003.0016
         Log=2018-01-19 15:23:25  2.01.003.0017
         Log=2018-01-19 15:32:09  2.01.003.0018
         Log=2018-01-19 15:43:51  2.01.003.0019
         Log=2018-01-19 16:26:34  2.01.003.0020
         Log=2018-01-19 16:28:56  2.01.003.0021
         Log=2018-01-19 16:33:28  2.01.003.0022
         Log=2018-01-19 16:46:14  2.01.003.0023
         Log=2018-01-19 16:47:56  2.01.003.0024
         Log=2018-01-19 16:49:08  2.01.004.0001
         Log=2018-01-19 16:52:47  2.01.004.0002
         Log=2018-01-19 16:59:21  2.01.004.0003
         Log=2018-01-19 17:12:10  2.01.004.0004
         Log=2018-01-19 17:51:59  2.01.004.0005
         Log=2018-01-19 17:58:31  2.01.004.0006
         Log=2018-01-22 14:10:50  2.01.004.0007
         Log=2018-01-22 15:02:53  2.01.004.0008
         Log=2018-01-22 15:05:58  2.01.004.0009
         Log=2018-01-22 15:10:15  2.01.004.0010
         Log=2018-01-22 15:14:04  2.01.004.0011
         Log=2018-01-22 15:50:07  2.01.004.0012
         Log=2018-01-22 16:42:10  2.01.004.0013
         Log=2018-01-22 16:45:29  2.01.004.0014
         Log=2018-01-22 17:06:36  2.01.004.0015
         Log=2018-01-22 17:10:10  2.01.004.0016
         Log=2018-01-22 17:13:18  2.01.004.0017
         Log=2018-01-22 17:15:41  2.01.004.0018
         Log=2018-01-22 17:21:28  2.01.004.0019
         Log=2018-01-22 17:28:05  2.01.004.0020
         Log=2018-01-22 17:29:20  2.01.004.0021
         Log=2018-01-22 17:36:13  2.01.004.0022
         Log=2018-01-22 17:41:30  2.01.004.0023
         Log=2018-01-22 17:46:23  2.01.004.0024
         Log=2018-01-22 17:49:43  2.01.005.0001
         Log=2018-01-22 17:51:49  2.01.005.0002
         Log=2018-01-22 17:53:16  2.01.005.0003
         Log=2018-01-23 11:09:40  2.01.005.0004
         Log=2018-01-23 11:29:49  2.01.005.0005
         Log=2018-01-23 11:34:15  2.01.005.0006
         Log=2018-01-23 13:10:05  2.01.005.0007
         Log=2018-01-23 13:11:50  2.01.005.0008
         Log=2018-01-23 13:15:53  2.01.005.0009
         Log=2018-01-23 14:46:36  2.01.005.0010
         Log=2018-01-23 14:54:44  2.01.005.0011
         Log=2018-01-23 14:57:46  2.01.005.0012
         Log=2018-01-23 15:06:09  2.01.005.0013
         Log=2018-01-23 15:08:13  2.01.005.0014
         Log=2018-01-23 15:11:35  2.01.005.0015
         Log=2018-01-23 15:14:11  2.01.005.0016
         Log=2018-01-23 15:26:49  2.01.005.0017
         Log=2018-01-23 15:53:21  2.01.005.0018
         Log=2018-01-23 16:03:04  2.01.005.0019
         Log=2018-01-23 16:31:17  2.01.005.0020
         Log=2018-01-23 16:48:04  2.01.005.0021
         Log=2018-01-23 17:38:13  2.01.005.0022
         Log=2018-01-23 18:05:31  2.01.005.0023
         Log=2018-01-23 18:13:10  2.01.005.0024
         Log=2018-01-23 18:15:17  2.02.001.0001
         Log=2018-01-24 09:44:48  2.02.001.0002
         Log=2018-01-24 09:48:32  2.02.001.0003
         Log=2018-01-24 09:54:32  2.02.001.0004
         Log=2018-01-24 09:56:19  2.02.001.0005
         Log=2018-01-24 09:57:14  2.02.001.0006
         Log=2018-01-24 10:00:05  2.02.001.0007
         Log=2018-01-24 10:04:28  2.02.001.0008
         Log=2018-01-24 10:05:02  2.02.001.0009
         Log=2018-01-24 10:05:48  2.02.001.0010
         Log=2018-01-24 13:39:03  2.02.001.0011
         Log=2018-01-24 13:40:53  2.02.001.0012
         Log=2018-01-24 13:42:00  2.02.001.0013
         Log=2018-01-24 13:43:20  2.02.001.0014
         Log=2018-01-24 13:48:07  2.02.001.0015
         Log=2018-01-24 13:50:07  2.02.001.0016
         Log=2018-01-24 13:52:51  2.02.001.0017
         Log=2018-01-24 14:51:01  2.02.001.0018
         Log=2018-01-24 16:54:25  2.02.001.0019
         Log=2018-01-24 17:27:19  2.02.001.0020
         Log=2018-01-24 17:33:44  2.02.001.0021
         Log=2018-01-24 17:34:52  2.02.001.0022
         Log=2018-01-24 17:46:50  2.02.001.0023
         Log=2018-01-24 18:09:33  2.02.001.0024
         Log=2018-01-24 18:30:57  2.02.002.0001
         Log=2018-01-25 10:50:39  2.02.002.0002
         Log=2018-01-25 11:05:42  2.02.002.0003
         Log=2018-01-25 11:10:26  2.02.002.0004
         Log=2018-01-25 11:27:04  2.02.002.0005
         Log=2018-01-25 13:40:07  2.02.002.0006
         Log=2018-01-25 13:48:10  2.02.002.0007
         Log=2018-01-25 16:06:56  2.02.002.0008
         Log=2018-01-25 16:12:59  2.02.002.0009
         Log=2018-01-25 16:18:07  2.02.002.0010
         Log=2018-01-25 16:21:28  2.02.002.0011
         Log=2018-01-25 16:25:49  2.02.002.0012
         Log=2018-01-25 16:44:19  2.02.002.0013
         Log=2018-01-25 16:48:15  2.02.002.0014
         Log=2018-01-25 16:50:22  2.02.002.0015
         Log=2018-01-25 16:51:43  2.02.002.0016
         Log=2018-01-25 16:58:03  2.02.002.0017
         Log=2018-01-25 17:20:21  2.02.002.0018
         Log=2018-01-25 17:23:16  2.02.002.0019
         Log=2018-01-25 17:31:22  2.02.002.0020
         Log=2018-01-25 17:36:52  2.02.002.0021
         Log=2018-01-25 17:45:29  2.02.002.0022
         Log=2018-01-25 17:46:40  2.02.002.0023
         Log=2018-01-25 17:48:06  2.02.002.0024
         Log=2018-01-25 17:53:17  2.02.003.0001
         Log=2018-01-25 17:53:59  2.02.003.0002
         Log=2018-01-25 17:55:16  2.02.003.0003
         Log=2018-01-25 18:30:40  2.02.003.0004
         Log=2018-01-25 18:32:18  2.02.003.0005
         Log=2018-01-26 10:30:22  2.02.003.0006
         Log=2018-01-26 10:32:12  2.02.003.0007
         Log=2018-01-26 10:33:04  2.02.003.0008
         Log=2018-01-26 10:34:16  2.02.003.0009
         Log=2018-01-26 10:36:41  2.02.003.0010
         Log=2018-01-26 10:44:46  2.02.003.0011
         Log=2018-01-26 10:46:31  2.02.003.0012
         Log=2018-01-26 10:52:33  2.02.003.0013
         Log=2018-01-26 11:04:15  2.02.003.0014
         Log=2018-01-26 11:11:30  2.02.003.0015
         Log=2018-01-26 11:13:42  2.02.003.0016
         Log=2018-01-26 11:26:04  2.02.003.0017
         Log=2018-01-26 11:27:32  2.02.003.0018
         Log=2018-01-26 11:29:52  2.02.003.0019
         Log=2018-01-26 14:23:26  2.02.003.0020
         Log=2018-01-26 14:32:46  2.02.003.0021
         Log=2018-01-26 19:05:00  2.02.003.0022
         Log=2018-01-29 11:11:22  2.02.003.0023
         Log=2018-01-29 13:10:08  2.02.003.0024
         Log=2018-01-29 14:04:16  2.02.004.0001
         Log=2018-01-29 14:19:53  2.02.004.0002
         Log=2018-01-29 14:31:31  2.02.004.0003
         Log=2018-01-29 16:14:03  2.02.004.0004
         Log=2018-01-30 10:51:53  2.02.004.0005
         Log=2018-01-30 10:53:21  2.02.004.0006
         Log=2018-01-30 10:55:01  2.02.004.0007
         Log=2018-01-30 15:53:26  2.02.004.0008
         Log=2018-01-30 16:11:40  2.02.004.0009
         Log=2018-01-30 16:15:01  2.02.004.0010
         Log=2018-01-30 16:17:21  2.02.004.0011
         Log=2018-01-30 16:32:43  2.02.004.0012
         Log=2018-01-30 16:37:55  2.02.004.0013
         Log=2018-01-31 14:07:37  2.02.004.0014
         Log=2018-01-31 14:14:42  2.02.004.0015
         Log=2018-01-31 14:19:30  2.02.004.0016
         Log=2018-01-31 14:27:10  2.02.004.0017
         Log=2018-01-31 14:45:11  2.02.004.0018
         Log=2018-02-02 13:44:15  2.02.004.0019
         Log=2018-02-02 13:50:05  2.02.004.0020
         Log=2018-02-02 14:06:47  2.02.004.0021
         Log=2018-02-05 16:25:08  2.02.004.0022
         Log=2018-02-05 16:31:48  2.02.004.0023
         Log=2018-02-05 16:37:41  2.02.004.0024
         Log=2018-02-05 17:41:14  2.02.005.0001
         Log=2018-02-05 17:43:57  2.02.005.0002
         Log=2018-02-05 17:44:53  2.02.005.0003
         Log=2018-02-05 17:58:03  2.02.005.0004
         Log=2018-02-05 18:03:04  2.02.005.0005
         Log=2018-02-05 18:03:26  2.02.005.0006
         Log=2018-02-05 18:03:49  2.02.005.0007
         Log=2018-02-05 18:08:51  2.02.005.0008
         Log=2018-02-05 18:12:10  2.02.005.0009
         Log=2018-02-05 18:15:38  2.02.005.0010
         Log=2018-02-05 18:17:25  2.02.005.0011
         Log=2018-02-06 14:03:50  2.02.005.0012
         Log=2018-02-06 14:05:27  2.02.005.0013
         Log=2018-02-06 14:07:08  2.02.005.0014
         Log=2018-02-06 14:09:39  2.02.005.0015
         Log=2018-02-06 14:11:31  2.02.005.0016
         Log=2018-02-06 14:38:08  2.02.005.0017
         Log=2018-02-06 14:41:18  2.02.005.0018
         Log=2018-02-06 14:44:35  2.02.005.0019
         Log=2018-02-06 14:50:34  2.02.005.0020
         Log=2018-02-06 14:51:33  2.02.005.0021
         Log=2018-02-06 14:53:05  2.02.005.0022
         Log=2018-02-06 15:00:18  2.02.005.0023
         Log=2018-02-06 15:02:09  2.02.005.0024
         Log=2018-02-06 15:05:14  2.03.001.0001
         Log=2018-02-06 15:07:32  2.03.001.0002
         Log=2018-02-06 15:08:06  2.03.001.0003
         Log=2018-02-06 15:10:09  2.03.001.0004
         Log=2018-02-06 15:12:22  2.03.001.0005
         Log=2018-02-06 15:19:05  2.03.001.0006
         Log=2018-02-06 15:19:42  2.03.001.0007
         Log=2018-02-06 15:28:29  2.03.001.0008
         Log=2018-02-06 15:45:06  2.03.001.0009
         Log=2018-02-06 15:53:27  2.03.001.0010
         Log=2018-02-06 16:06:25  2.03.001.0011
         Log=2018-02-06 17:13:56  2.03.001.0012
         Log=2018-02-06 17:15:01  2.03.001.0013
         Log=2018-02-06 17:23:37  2.03.001.0014
         Log=2018-02-06 17:30:54  2.03.001.0015
         Log=2018-02-06 17:43:16  2.03.001.0016
         Log=2018-02-06 18:11:58  2.03.001.0017
         Log=2018-02-06 18:13:15  2.03.001.0018
         Log=2018-02-06 18:17:23  2.03.001.0019
         Log=2018-02-06 18:22:15  2.03.001.0020
         Log=2018-02-06 18:25:07  2.03.001.0021
         Log=2018-02-07 11:23:06  2.03.001.0022
         Log=2018-02-07 11:27:52  2.03.001.0023
         Log=2018-02-07 14:09:31  2.03.001.0024
         Log=2018-02-07 14:12:48  2.03.002.0001
         Log=2018-02-08 11:06:55  2.03.002.0002
         Log=2018-02-08 11:19:48  2.03.002.0003
         Log=2018-02-08 14:29:25  2.03.002.0004
         Log=2018-02-08 14:30:33  2.03.002.0005
         Log=2018-02-08 14:33:02  2.03.002.0006
         Log=2018-02-27 17:02:40  2.03.002.0007
         Log=2018-02-27 18:02:17  2.03.002.0008
         Log=2018-02-27 18:04:25  2.03.002.0009
         Log=2018-02-27 18:26:15  2.03.002.0010
         Log=2018-02-27 18:28:26  2.03.002.0011
         Log=2018-02-27 18:31:31  2.03.002.0012
         Log=2018-02-28 10:08:06  2.03.002.0013
         Log=2018-02-28 10:12:50  2.03.002.0014
         Log=2018-02-28 10:20:01  2.03.002.0015
         Log=2018-02-28 10:22:49  2.03.002.0016
         Log=2018-02-28 10:27:18  2.03.002.0017
         Log=2018-02-28 10:31:05  2.03.002.0018
         Log=2018-03-01 09:54:01  2.03.002.0019
         Log=2018-03-01 09:58:14  2.03.002.0020
         Log=2018-03-01 10:04:13  2.03.002.0021
         Log=2018-03-01 10:06:11  2.03.002.0022
         Log=2018-03-01 10:11:07  2.03.002.0023
         Log=2018-03-01 11:21:27  2.03.002.0024
         Log=2018-03-01 15:14:19  2.03.003.0001
         Log=2018-03-01 15:14:53  2.03.003.0002
         Log=2018-03-01 15:28:35  2.03.003.0003
         Log=2018-03-01 15:40:47  2.03.003.0004
         Log=2018-03-01 16:06:12  2.03.003.0005
         Log=2018-03-05 13:57:56  2.03.003.0006
         Log=2018-03-09 13:42:49  2.03.003.0007
         Log=2018-03-09 15:24:38  2.03.003.0008
         Log=2018-03-09 15:27:29  2.03.003.0009
         Log=2018-03-09 15:29:12  2.03.003.0010
         Log=2018-03-09 15:34:34  2.03.003.0011
         Log=2018-03-09 15:44:53  2.03.003.0012
         Log=2018-03-09 15:52:38  2.03.003.0013
         Log=2018-03-15 14:22:46  2.03.003.0014
         Log=2018-03-21 16:59:54  2.03.003.0015
         Log=2018-03-21 17:11:22  2.03.003.0016
         Log=2018-03-21 17:12:58  2.03.003.0017
         Log=2018-03-21 17:52:24  2.03.003.0018
         Log=2018-03-22 16:36:26  2.03.003.0019
         Log=2018-03-22 16:41:24  2.03.003.0020
         Log=2018-03-22 16:46:40  2.03.003.0021
         Log=2018-03-22 16:52:11  2.03.003.0022
         Log=2018-03-22 16:56:03  2.03.003.0023
         Log=2018-03-22 17:07:58  2.03.003.0024
         Log=2018-03-22 17:08:56  2.03.004.0001
         Log=2018-03-22 17:20:25  2.03.004.0002
         Log=2018-03-22 17:22:52  2.03.004.0003
         Log=2018-03-22 17:31:38  2.03.004.0004
         Log=2018-03-23 17:00:25  2.03.004.0005
         Log=2018-03-23 17:37:37  2.03.004.0006
         Log=2018-03-23 17:42:39  2.03.004.0007
         Log=2018-03-23 18:04:44  2.03.004.0008
         Log=2018-03-23 18:12:56  2.03.004.0009
         Log=2018-03-23 18:23:26  2.03.004.0010
         Log=2018-03-26 13:45:58  2.03.004.0011
         Log=2018-03-26 13:47:44  2.03.004.0012
         Log=2018-03-26 13:56:47  2.03.004.0013
     1>已完成生成项目“C:\Users\chengshulei.GLBPOWER\Documents\Visual Studio 2013\Projects\DiagnosePage_20180118\DiagnosePage\DiagnosePage.vcxproj”(Rebuild 个目标)的操作。

生成成功。

已用时间 00:01:17.42
