NORMAL: 2018.02.07 13:30:51.779    C:/Users/chengshulei.GLBPOWER/Documents/Visual Studio 2013/Projects/DiagnosePage_20180118/Win32/Release/plugins
NORMAL: 2018.02.07 13:30:51.779    C:/Users/chengshulei.GLBPOWER/Documents/Visual Studio 2013/Projects/DiagnosePage_20180118/Win32/Release
NORMAL: 2018.02.07 13:30:51.779    软件启动！
NORMAL: 2018.02.07 13:30:54.010    选择汽车型号： 吉利帝豪PHEV_ISG
NORMAL: 2018.02.07 13:30:55.363    打开CAN设备成功！
NORMAL: 2018.02.07 13:30:55.363    启动数据收发线程！
NORMAL: 2018.02.07 13:30:55.363    开始进行CAN通信！
NORMAL: 2018.02.07 13:30:55.563    开始进行诊断线程！
NORMAL: 2018.02.07 13:30:55.565    发送 0000000000 0x00000735 数据帧 标准帧 08 02 10 03 00 00 00 00 00
NORMAL: 2018.02.07 13:30:55.566    接收 0x00e3fb7a 0x0000073d 数据帧 标准帧 08 06 50 03 00 32 01 F4 AA
NORMAL: 2018.02.07 13:30:55.568    对应接收的数据帧中值与配置文件完全一致，本条指令完成！
NORMAL: 2018.02.07 13:30:55.572    发送 0000000000 0x00000735 数据帧 标准帧 08 02 27 01 55 55 55 55 55
NORMAL: 2018.02.07 13:30:55.572    接收 0x00e3fb80 0x0000073d 数据帧 标准帧 08 06 67 01 00 04 C1 73 AA
NORMAL: 2018.02.07 13:30:55.573    对应接收的数据帧中值与配置文件完全一致，本条指令完成！
NORMAL: 2018.02.07 13:30:55.575    发送 0000000000 0x00000735 数据帧 标准帧 08 06 27 02 F0 C7 55 56 55
NORMAL: 2018.02.07 13:30:55.576    接收 0x00e3fb84 0x0000073d 数据帧 标准帧 08 02 67 02 AA AA AA AA AA
NORMAL: 2018.02.07 13:30:55.578    对应接收的数据帧中值与配置文件完全一致，本条指令完成！
NORMAL: 2018.02.07 13:30:55.580    发送 0000000000 0x00000735 数据帧 标准帧 08 02 3E 00 00 00 00 00 00
NORMAL: 2018.02.07 13:30:55.582    接收 0x00e3fb8a 0x0000073d 数据帧 标准帧 08 02 7E 00 AA AA AA AA AA
NORMAL: 2018.02.07 13:30:55.583    对应接收的数据帧中值与配置文件完全一致，本条指令完成！
NORMAL: 2018.02.07 13:30:55.583    选中车型对应配置文件：C:/Users/chengshulei.GLBPOWER/Documents/Visual Studio 2013/Projects/DiagnosePage_20180118/Win32/Release/configure/帝豪PHEV_ISG/Diag_Set.txt
NORMAL: 2018.02.07 13:30:55.834    开始读取ECU信息！
NORMAL: 2018.02.07 13:30:55.884    发送 0000000000 0x00000735 数据帧 标准帧 08 03 22 F1 12 00 00 00 00
NORMAL: 2018.02.07 13:30:55.886    接收 0x00e3fcba 0x0000073d 数据帧 标准帧 08 10 0B 62 F1 12 00 00 00
NORMAL: 2018.02.07 13:30:55.888    返回数据接收完毕，本条指令完成！
NORMAL: 2018.02.07 13:30:55.890    发送 0000000000 0x00000735 数据帧 标准帧 08 30 00 00 00 00 00 00 00
NORMAL: 2018.02.07 13:30:55.890    接收 0x00e3fcbf 0x0000073d 数据帧 标准帧 08 21 00 00 00 00 00 AA AA
NORMAL: 2018.02.07 13:30:55.893    返回数据接收完毕，本条指令完成！
NORMAL: 2018.02.07 13:30:55.895    发送 0000000000 0x00000735 数据帧 标准帧 08 03 22 F1 87 00 00 00 00
NORMAL: 2018.02.07 13:30:55.898    接收 0x00e3fcc6 0x0000073d 数据帧 标准帧 08 10 0B 62 F1 87 30 30 30
NORMAL: 2018.02.07 13:30:55.898    返回数据接收完毕，本条指令完成！
NORMAL: 2018.02.07 13:30:55.900    发送 0000000000 0x00000735 数据帧 标准帧 08 30 00 00 00 00 00 00 00
NORMAL: 2018.02.07 13:30:55.902    接收 0x00e3fcca 0x0000073d 数据帧 标准帧 08 21 30 30 30 30 30 AA AA
NORMAL: 2018.02.07 13:30:55.903    返回数据接收完毕，本条指令完成！
NORMAL: 2018.02.07 13:30:55.905    发送 0000000000 0x00000735 数据帧 标准帧 08 03 22 F1 89 00 00 00 00
NORMAL: 2018.02.07 13:30:55.908    接收 0x00e3fcd0 0x0000073d 数据帧 标准帧 08 10 13 62 F1 89 30 30 30
NORMAL: 2018.02.07 13:30:55.908    返回数据接收完毕，本条指令完成！
NORMAL: 2018.02.07 13:30:55.911    发送 0000000000 0x00000735 数据帧 标准帧 08 30 00 00 00 00 00 00 00
NORMAL: 2018.02.07 13:30:55.911    接收 0x00e3fcd4 0x0000073d 数据帧 标准帧 08 21 30 30 30 30 30 30 30
NORMAL: 2018.02.07 13:30:55.914    接收 0x00e3fcd6 0x0000073d 数据帧 标准帧 08 22 30 30 30 30 30 30 AA
NORMAL: 2018.02.07 13:30:55.914    返回数据接收完毕，本条指令完成！
NORMAL: 2018.02.07 13:30:55.917    发送 0000000000 0x00000735 数据帧 标准帧 08 03 22 F1 8A 00 00 00 00
NORMAL: 2018.02.07 13:30:55.920    接收 0x00e3fcdc 0x0000073d 数据帧 标准帧 08 10 0D 62 F1 8A 30 30 30
NORMAL: 2018.02.07 13:30:55.920    返回数据接收完毕，本条指令完成！
NORMAL: 2018.02.07 13:30:55.923    发送 0000000000 0x00000735 数据帧 标准帧 08 30 00 00 00 00 00 00 00
NORMAL: 2018.02.07 13:30:55.923    接收 0x00e3fcdf 0x0000073d 数据帧 标准帧 08 21 30 30 30 30 30 30 30
NORMAL: 2018.02.07 13:30:55.925    返回数据接收完毕，本条指令完成！
NORMAL: 2018.02.07 13:30:55.928    发送 0000000000 0x00000735 数据帧 标准帧 08 03 22 F1 8B 00 00 00 00
NORMAL: 2018.02.07 13:30:55.929    接收 0x00e3fce6 0x0000073d 数据帧 标准帧 08 07 62 F1 8B 20 17 12 10
NORMAL: 2018.02.07 13:30:55.930    返回数据接收完毕，本条指令完成！
NORMAL: 2018.02.07 13:30:55.932    发送 0000000000 0x00000735 数据帧 标准帧 08 03 22 F1 8C 00 00 00 00
NORMAL: 2018.02.07 13:30:55.934    接收 0x00e3fcea 0x0000073d 数据帧 标准帧 08 10 13 62 F1 8C 31 32 33
NORMAL: 2018.02.07 13:30:55.935    返回数据接收完毕，本条指令完成！
NORMAL: 2018.02.07 13:30:55.937    发送 0000000000 0x00000735 数据帧 标准帧 08 30 00 00 00 00 00 00 00
NORMAL: 2018.02.07 13:30:55.939    接收 0x00e3fcef 0x0000073d 数据帧 标准帧 08 21 34 35 36 37 38 39 41
NORMAL: 2018.02.07 13:30:55.940    接收 0x00e3fcf0 0x0000073d 数据帧 标准帧 08 22 42 43 44 45 46 31 AA
NORMAL: 2018.02.07 13:30:55.940    返回数据接收完毕，本条指令完成！
NORMAL: 2018.02.07 13:30:55.943    发送 0000000000 0x00000735 数据帧 标准帧 08 03 22 F1 90 00 00 00 00
NORMAL: 2018.02.07 13:30:55.943    接收 0x00e3fcf3 0x0000073d 数据帧 标准帧 08 10 14 62 F1 90 00 00 00
NORMAL: 2018.02.07 13:30:55.945    返回数据接收完毕，本条指令完成！
NORMAL: 2018.02.07 13:30:55.948    发送 0000000000 0x00000735 数据帧 标准帧 08 30 00 00 00 00 00 00 00
NORMAL: 2018.02.07 13:30:55.948    接收 0x00e3fcf8 0x0000073d 数据帧 标准帧 08 21 00 00 00 00 00 00 00
NORMAL: 2018.02.07 13:30:55.949    接收 0x00e3fcfa 0x0000073d 数据帧 标准帧 08 22 00 00 00 00 00 00 00
NORMAL: 2018.02.07 13:30:55.950    返回数据接收完毕，本条指令完成！
NORMAL: 2018.02.07 13:30:55.952    发送 0000000000 0x00000735 数据帧 标准帧 08 03 22 F1 93 00 00 00 00
NORMAL: 2018.02.07 13:30:55.954    接收 0x00e3fcfe 0x0000073d 数据帧 标准帧 08 10 13 62 F1 93 31 32 33
NORMAL: 2018.02.07 13:30:55.955    返回数据接收完毕，本条指令完成！
NORMAL: 2018.02.07 13:30:55.957    发送 0000000000 0x00000735 数据帧 标准帧 08 30 00 00 00 00 00 00 00
NORMAL: 2018.02.07 13:30:55.959    接收 0x00e3fd03 0x0000073d 数据帧 标准帧 08 21 34 35 36 37 38 39 41
NORMAL: 2018.02.07 13:30:55.960    接收 0x00e3fd04 0x0000073d 数据帧 标准帧 08 22 42 43 44 45 46 31 AA
NORMAL: 2018.02.07 13:30:55.960    返回数据接收完毕，本条指令完成！
NORMAL: 2018.02.07 13:30:55.963    发送 0000000000 0x00000735 数据帧 标准帧 08 03 22 F1 94 00 00 00 00
NORMAL: 2018.02.07 13:30:55.963    接收 0x00e3fd07 0x0000073d 数据帧 标准帧 08 10 13 62 F1 94 31 32 33
NORMAL: 2018.02.07 13:30:55.965    返回数据接收完毕，本条指令完成！
NORMAL: 2018.02.07 13:30:55.967    发送 0000000000 0x00000735 数据帧 标准帧 08 30 00 00 00 00 00 00 00
NORMAL: 2018.02.07 13:30:55.967    接收 0x00e3fd0b 0x0000073d 数据帧 标准帧 08 21 34 35 36 37 38 39 41
NORMAL: 2018.02.07 13:30:55.969    接收 0x00e3fd0d 0x0000073d 数据帧 标准帧 08 22 42 43 44 45 46 31 AA
NORMAL: 2018.02.07 13:30:55.970    返回数据接收完毕，本条指令完成！
NORMAL: 2018.02.07 13:30:55.972    发送 0000000000 0x00000735 数据帧 标准帧 08 03 22 F1 95 00 00 00 00
NORMAL: 2018.02.07 13:30:55.974    接收 0x00e3fd12 0x0000073d 数据帧 标准帧 08 10 13 62 F1 95 31 32 33
NORMAL: 2018.02.07 13:30:55.975    返回数据接收完毕，本条指令完成！
NORMAL: 2018.02.07 13:30:55.977    发送 0000000000 0x00000735 数据帧 标准帧 08 30 00 00 00 00 00 00 00
NORMAL: 2018.02.07 13:30:55.978    接收 0x00e3fd17 0x0000073d 数据帧 标准帧 08 21 34 35 36 37 38 39 41
NORMAL: 2018.02.07 13:30:55.979    接收 0x00e3fd18 0x0000073d 数据帧 标准帧 08 22 42 43 44 45 46 31 AA
NORMAL: 2018.02.07 13:30:55.980    返回数据接收完毕，本条指令完成！
NORMAL: 2018.02.07 13:30:55.982    发送 0000000000 0x00000735 数据帧 标准帧 08 03 22 F1 9D 00 00 00 00
NORMAL: 2018.02.07 13:30:55.984    接收 0x00e3fd1c 0x0000073d 数据帧 标准帧 08 07 62 F1 9D 00 00 00 00
NORMAL: 2018.02.07 13:30:55.985    返回数据接收完毕，本条指令完成！
NORMAL: 2018.02.07 13:30:55.988    发送 0000000000 0x00000735 数据帧 标准帧 08 03 22 F1 10 00 00 00 00
NORMAL: 2018.02.07 13:30:55.990    接收 0x00e3fd22 0x0000073d 数据帧 标准帧 08 10 0B 62 F1 10 00 00 00
NORMAL: 2018.02.07 13:30:55.990    返回数据接收完毕，本条指令完成！
NORMAL: 2018.02.07 13:30:55.992    发送 0000000000 0x00000735 数据帧 标准帧 08 30 00 00 00 00 00 00 00
NORMAL: 2018.02.07 13:30:55.992    接收 0x00e3fd25 0x0000073d 数据帧 标准帧 08 21 00 00 00 00 00 AA AA
NORMAL: 2018.02.07 13:30:55.995    返回数据接收完毕，本条指令完成！
NORMAL: 2018.02.07 13:30:55.996    发送 0000000000 0x00000735 数据帧 标准帧 08 03 22 F1 01 00 00 00 00
NORMAL: 2018.02.07 13:30:55.998    接收 0x00e3fd2a 0x0000073d 数据帧 标准帧 08 04 62 F1 01 00 AA AA AA
NORMAL: 2018.02.07 13:30:56.000    返回数据接收完毕，本条指令完成！
NORMAL: 2018.02.07 13:30:56.003    发送 0000000000 0x00000735 数据帧 标准帧 08 03 22 F1 92 00 00 00 00
NORMAL: 2018.02.07 13:30:56.003    接收 0x00e3fd2f 0x0000073d 数据帧 标准帧 08 10 13 62 F1 92 31 32 33
NORMAL: 2018.02.07 13:30:56.005    返回数据接收完毕，本条指令完成！
NORMAL: 2018.02.07 13:30:56.008    发送 0000000000 0x00000735 数据帧 标准帧 08 30 00 00 00 00 00 00 00
NORMAL: 2018.02.07 13:30:56.008    接收 0x00e3fd34 0x0000073d 数据帧 标准帧 08 21 34 35 36 37 38 39 41
NORMAL: 2018.02.07 13:30:56.010    接收 0x00e3fd36 0x0000073d 数据帧 标准帧 08 22 42 43 44 45 46 31 AA
NORMAL: 2018.02.07 13:30:56.010    返回数据接收完毕，本条指令完成！
NORMAL: 2018.02.07 13:30:56.013    发送 0000000000 0x00000735 数据帧 标准帧 08 03 22 F1 98 00 00 00 00
NORMAL: 2018.02.07 13:30:56.017    接收 0x00e3fd3d 0x0000073d 数据帧 标准帧 08 10 13 62 F1 98 00 00 00
NORMAL: 2018.02.07 13:30:56.017    返回数据接收完毕，本条指令完成！
NORMAL: 2018.02.07 13:30:56.020    发送 0000000000 0x00000735 数据帧 标准帧 08 30 00 00 00 00 00 00 00
NORMAL: 2018.02.07 13:30:56.020    接收 0x00e3fd40 0x0000073d 数据帧 标准帧 08 21 00 00 00 00 00 00 00
NORMAL: 2018.02.07 13:30:56.020    接收 0x00e3fd41 0x0000073d 数据帧 标准帧 08 22 00 00 00 00 00 00 AA
NORMAL: 2018.02.07 13:30:56.022    返回数据接收完毕，本条指令完成！
NORMAL: 2018.02.07 13:30:56.024    发送 0000000000 0x00000735 数据帧 标准帧 08 03 22 F1 99 00 00 00 00
NORMAL: 2018.02.07 13:30:56.026    接收 0x00e3fd46 0x0000073d 数据帧 标准帧 08 07 62 F1 99 00 00 00 00
NORMAL: 2018.02.07 13:30:56.027    返回数据接收完毕，本条指令完成！
NORMAL: 2018.02.07 13:30:56.029    发送 0000000000 0x00000735 数据帧 标准帧 08 03 22 F1 80 00 00 00 00
NORMAL: 2018.02.07 13:30:56.031    接收 0x00e3fd4b 0x0000073d 数据帧 标准帧 08 10 13 62 F1 80 31 32 33
NORMAL: 2018.02.07 13:30:56.032    返回数据接收完毕，本条指令完成！
NORMAL: 2018.02.07 13:30:56.035    发送 0000000000 0x00000735 数据帧 标准帧 08 30 00 00 00 00 00 00 00
NORMAL: 2018.02.07 13:30:56.035    接收 0x00e3fd4f 0x0000073d 数据帧 标准帧 08 21 34 35 36 37 38 39 41
NORMAL: 2018.02.07 13:30:56.035    接收 0x00e3fd50 0x0000073d 数据帧 标准帧 08 22 42 43 44 45 46 31 AA
NORMAL: 2018.02.07 13:30:56.037    返回数据接收完毕，本条指令完成！
NORMAL: 2018.02.07 13:30:56.037    读取ECU信息成功！
NORMAL: 2018.02.07 13:30:57.498    开始读取故障码！
NORMAL: 2018.02.07 13:30:57.540    发送 0000000000 0x00000735 数据帧 标准帧 08 03 19 02 FF 00 00 00 00
NORMAL: 2018.02.07 13:30:57.542    接收 0x00e40333 0x0000073d 数据帧 标准帧 08 12 4B 59 02 49 1C 03 00
NORMAL: 2018.02.07 13:30:57.548    返回数据接收完毕，本条指令完成！
NORMAL: 2018.02.07 13:30:57.550    发送 0000000000 0x00000735 数据帧 标准帧 08 30 00 00 00 00 00 00 00
NORMAL: 2018.02.07 13:30:57.552    接收 0x00e4033c 0x0000073d 数据帧 标准帧 08 21 49 06 06 00 49 15 03
NORMAL: 2018.02.07 13:30:57.553    接收 0x00e4033d 0x0000073d 数据帧 标准帧 08 22 00 49 0A 1B 01 49 11
NORMAL: 2018.02.07 13:30:57.554    接收 0x00e4033e 0x0000073d 数据帧 标准帧 08 23 00 00 49 11 01 00 49
NORMAL: 2018.02.07 13:30:57.555    接收 0x00e4033f 0x0000073d 数据帧 标准帧 08 24 11 02 00 49 11 03 00
NORMAL: 2018.02.07 13:30:57.556    接收 0x00e40340 0x0000073d 数据帧 标准帧 08 25 49 11 04 00 49 11 05
NORMAL: 2018.02.07 13:30:57.557    接收 0x00e40341 0x0000073d 数据帧 标准帧 08 26 00 49 11 07 00 49 11
NORMAL: 2018.02.07 13:30:57.559    接收 0x00e40343 0x0000073d 数据帧 标准帧 08 27 08 00 49 11 09 00 49
NORMAL: 2018.02.07 13:30:57.560    接收 0x00e40344 0x0000073d 数据帧 标准帧 08 28 11 0B 00 49 11 0C 00
NORMAL: 2018.02.07 13:30:57.561    接收 0x00e40345 0x0000073d 数据帧 标准帧 08 29 49 11 0D 00 49 11 0E
NORMAL: 2018.02.07 13:30:57.562    接收 0x00e40346 0x0000073d 数据帧 标准帧 08 2A 00 49 11 0F 00 49 11
NORMAL: 2018.02.07 13:30:57.563    接收 0x00e40347 0x0000073d 数据帧 标准帧 08 2B 10 00 49 11 11 00 49
NORMAL: 2018.02.07 13:30:57.564    接收 0x00e40348 0x0000073d 数据帧 标准帧 08 2C 11 12 00 49 11 13 00
NORMAL: 2018.02.07 13:30:57.565    接收 0x00e40349 0x0000073d 数据帧 标准帧 08 2D 49 11 15 00 49 11 16
NORMAL: 2018.02.07 13:30:57.566    接收 0x00e4034a 0x0000073d 数据帧 标准帧 08 2E 00 49 11 17 00 49 11
NORMAL: 2018.02.07 13:30:57.567    接收 0x00e4034b 0x0000073d 数据帧 标准帧 08 2F 18 00 49 11 19 00 49
NORMAL: 2018.02.07 13:30:57.568    接收 0x00e4034c 0x0000073d 数据帧 标准帧 08 20 11 1B 00 49 11 1C 00
NORMAL: 2018.02.07 13:30:57.570    接收 0x00e4034e 0x0000073d 数据帧 标准帧 08 21 49 11 1D 00 49 11 1E
NORMAL: 2018.02.07 13:30:57.572    接收 0x00e40350 0x0000073d 数据帧 标准帧 08 22 00 49 11 20 00 49 11
NORMAL: 2018.02.07 13:30:57.574    接收 0x00e40352 0x0000073d 数据帧 标准帧 08 23 21 00 49 11 22 00 49
NORMAL: 2018.02.07 13:30:57.577    接收 0x00e40354 0x0000073d 数据帧 标准帧 08 24 11 23 00 49 11 24 00
NORMAL: 2018.02.07 13:30:57.577    接收 0x00e40355 0x0000073d 数据帧 标准帧 08 25 49 11 25 00 49 11 27
NORMAL: 2018.02.07 13:30:57.578    接收 0x00e40356 0x0000073d 数据帧 标准帧 08 26 00 49 11 28 00 49 11
NORMAL: 2018.02.07 13:30:57.579    接收 0x00e40357 0x0000073d 数据帧 标准帧 08 27 29 00 49 11 2A 00 49
NORMAL: 2018.02.07 13:30:57.580    接收 0x00e40358 0x0000073d 数据帧 标准帧 08 28 11 2B 00 49 11 2C 00
NORMAL: 2018.02.07 13:30:57.581    接收 0x00e40359 0x0000073d 数据帧 标准帧 08 29 49 11 2D 00 49 11 2E
NORMAL: 2018.02.07 13:30:57.582    接收 0x00e4035a 0x0000073d 数据帧 标准帧 08 2A 00 49 11 2F 00 49 11
NORMAL: 2018.02.07 13:30:57.584    接收 0x00e4035c 0x0000073d 数据帧 标准帧 08 2B 30 00 49 11 31 00 49
NORMAL: 2018.02.07 13:30:57.586    接收 0x00e4035d 0x0000073d 数据帧 标准帧 08 2C 11 32 00 49 11 33 00
NORMAL: 2018.02.07 13:30:57.586    接收 0x00e4035e 0x0000073d 数据帧 标准帧 08 2D 49 11 34 00 49 11 36
NORMAL: 2018.02.07 13:30:57.587    接收 0x00e4035f 0x0000073d 数据帧 标准帧 08 2E 00 49 11 37 00 49 06
NORMAL: 2018.02.07 13:30:57.588    接收 0x00e40360 0x0000073d 数据帧 标准帧 08 2F 2F 42 49 06 2F 43 49
NORMAL: 2018.02.07 13:30:57.589    接收 0x00e40361 0x0000073d 数据帧 标准帧 08 20 06 2F 45 49 15 04 00
NORMAL: 2018.02.07 13:30:57.590    接收 0x00e40362 0x0000073d 数据帧 标准帧 08 21 49 D2 0C 00 49 D2 0D
NORMAL: 2018.02.07 13:30:57.591    接收 0x00e40363 0x0000073d 数据帧 标准帧 08 22 00 49 D2 00 00 49 D2
NORMAL: 2018.02.07 13:30:57.592    接收 0x00e40364 0x0000073d 数据帧 标准帧 08 23 01 00 49 D2 02 00 49
NORMAL: 2018.02.07 13:30:57.593    接收 0x00e40365 0x0000073d 数据帧 标准帧 08 24 D2 03 00 49 D2 04 00
NORMAL: 2018.02.07 13:30:57.596    接收 0x00e40367 0x0000073d 数据帧 标准帧 08 25 49 D2 05 00 49 D2 06
NORMAL: 2018.02.07 13:30:57.597    接收 0x00e40369 0x0000073d 数据帧 标准帧 08 26 00 49 D2 07 00 49 D2
NORMAL: 2018.02.07 13:30:57.599    接收 0x00e4036b 0x0000073d 数据帧 标准帧 08 27 08 00 49 D2 09 00 49
NORMAL: 2018.02.07 13:30:57.600    接收 0x00e4036d 0x0000073d 数据帧 标准帧 08 28 D2 0A 00 49 D2 0B 00
NORMAL: 2018.02.07 13:30:57.601    接收 0x00e4036e 0x0000073d 数据帧 标准帧 08 29 49 06 B0 13 49 1C 06
NORMAL: 2018.02.07 13:30:57.602    接收 0x00e4036f 0x0000073d 数据帧 标准帧 08 2A 19 49 C0 73 88 49 0A
NORMAL: 2018.02.07 13:30:57.603    接收 0x00e40370 0x0000073d 数据帧 标准帧 08 2B 90 00 49 0C 01 00 49
NORMAL: 2018.02.07 13:30:57.604    接收 0x00e40371 0x0000073d 数据帧 标准帧 08 2C 0B E5 00 49 18 00 12
NORMAL: 2018.02.07 13:30:57.606    接收 0x00e40372 0x0000073d 数据帧 标准帧 08 2D 49 0B E8 00 49 18 00
NORMAL: 2018.02.07 13:30:57.606    接收 0x00e40373 0x0000073d 数据帧 标准帧 08 2E 11 49 0B E7 00 49 0B
NORMAL: 2018.02.07 13:30:57.608    接收 0x00e40375 0x0000073d 数据帧 标准帧 08 2F FD 00 49 0B E9 00 49
NORMAL: 2018.02.07 13:30:57.609    接收 0x00e40376 0x0000073d 数据帧 标准帧 08 20 18 01 12 49 0B EC 00
NORMAL: 2018.02.07 13:30:57.611    接收 0x00e40377 0x0000073d 数据帧 标准帧 08 21 49 18 01 11 49 0B EB
NORMAL: 2018.02.07 13:30:57.612    接收 0x00e40378 0x0000073d 数据帧 标准帧 08 22 00 49 0B ED 00 49 18
NORMAL: 2018.02.07 13:30:57.613    接收 0x00e40379 0x0000073d 数据帧 标准帧 08 23 02 12 49 0B F0 00 49
NORMAL: 2018.02.07 13:30:57.614    接收 0x00e4037a 0x0000073d 数据帧 标准帧 08 24 18 02 11 49 0B EF 00
NORMAL: 2018.02.07 13:30:57.615    接收 0x00e4037b 0x0000073d 数据帧 标准帧 08 25 49 1C 08 19 49 13 00
NORMAL: 2018.02.07 13:30:57.616    接收 0x00e4037c 0x0000073d 数据帧 标准帧 08 26 00 49 13 03 00 49 13
NORMAL: 2018.02.07 13:30:57.617    接收 0x00e4037d 0x0000073d 数据帧 标准帧 08 27 04 00 49 13 05 00 49
NORMAL: 2018.02.07 13:30:57.618    接收 0x00e4037e 0x0000073d 数据帧 标准帧 08 28 13 06 00 49 13 07 00
NORMAL: 2018.02.07 13:30:57.620    接收 0x00e40380 0x0000073d 数据帧 标准帧 08 29 49 13 08 00 49 13 09
NORMAL: 2018.02.07 13:30:57.621    接收 0x00e40382 0x0000073d 数据帧 标准帧 08 2A 00 49 13 0A 00 49 13
NORMAL: 2018.02.07 13:30:57.624    接收 0x00e40384 0x0000073d 数据帧 标准帧 08 2B 0B 00 49 13 0C 00 49
NORMAL: 2018.02.07 13:30:57.625    接收 0x00e40386 0x0000073d 数据帧 标准帧 08 2C 13 13 00 49 C2 93 00
NORMAL: 2018.02.07 13:30:57.627    接收 0x00e40388 0x0000073d 数据帧 标准帧 08 2D 49 15 07 00 49 14 00
NORMAL: 2018.02.07 13:30:57.629    接收 0x00e4038a 0x0000073d 数据帧 标准帧 08 2E 00 49 0C 17 91 49 0C
NORMAL: 2018.02.07 13:30:57.631    接收 0x00e4038c 0x0000073d 数据帧 标准帧 08 2F 4E 99 49 17 00 00 49
NORMAL: 2018.02.07 13:30:57.633    接收 0x00e4038e 0x0000073d 数据帧 标准帧 08 20 17 01 00 49 C4 01 00
NORMAL: 2018.02.07 13:30:57.635    接收 0x00e40390 0x0000073d 数据帧 标准帧 08 21 49 0C 53 00 49 0C 51
NORMAL: 2018.02.07 13:30:57.636    接收 0x00e40391 0x0000073d 数据帧 标准帧 08 22 1C 49 0C 52 00 49 0A
NORMAL: 2018.02.07 13:30:57.638    接收 0x00e40393 0x0000073d 数据帧 标准帧 08 23 44 00 49 17 09 00 49
NORMAL: 2018.02.07 13:30:57.639    接收 0x00e40394 0x0000073d 数据帧 标准帧 08 24 1C 0E 00 49 0A 8E 00
NORMAL: 2018.02.07 13:30:57.640    接收 0x00e40395 0x0000073d 数据帧 标准帧 08 25 49 0A EF 00 49 0A F0
NORMAL: 2018.02.07 13:30:57.641    接收 0x00e40396 0x0000073d 数据帧 标准帧 08 26 00 49 0A ED 00 49 0A
NORMAL: 2018.02.07 13:30:57.642    接收 0x00e40397 0x0000073d 数据帧 标准帧 08 27 F4 00 49 0A F5 00 49
NORMAL: 2018.02.07 13:30:57.644    接收 0x00e40398 0x0000073d 数据帧 标准帧 08 28 0A F2 00 49 0B D3 00
NORMAL: 2018.02.07 13:30:57.644    接收 0x00e40399 0x0000073d 数据帧 标准帧 08 29 49 0B D4 00 49 0A D1
NORMAL: 2018.02.07 13:30:57.645    接收 0x00e4039a 0x0000073d 数据帧 标准帧 08 2A 00 49 19 87 00 49 19
NORMAL: 2018.02.07 13:30:57.646    接收 0x00e4039b 0x0000073d 数据帧 标准帧 08 2B 89 00 49 0A 32 00 49
NORMAL: 2018.02.07 13:30:57.647    接收 0x00e4039c 0x0000073d 数据帧 标准帧 08 2C 0A 33 00 49 19 83 00
NORMAL: 2018.02.07 13:30:57.649    接收 0x00e4039e 0x0000073d 数据帧 标准帧 08 2D 49 19 85 00 49 05 63
NORMAL: 2018.02.07 13:30:57.651    接收 0x00e403a0 0x0000073d 数据帧 标准帧 08 2E 00 49 05 62 00 49 0C
NORMAL: 2018.02.07 13:30:57.653    接收 0x00e403a2 0x0000073d 数据帧 标准帧 08 2F 79 00 49 0C 79 17 49
NORMAL: 2018.02.07 13:30:57.655    接收 0x00e403a4 0x0000073d 数据帧 标准帧 08 20 06 43 00 49 06 51 00
NORMAL: 2018.02.07 13:30:57.656    接收 0x00e403a5 0x0000073d 数据帧 标准帧 08 21 49 06 52 00 49 1C 15
NORMAL: 2018.02.07 13:30:57.657    接收 0x00e403a6 0x0000073d 数据帧 标准帧 08 22 00 49 06 99 00 49 06
NORMAL: 2018.02.07 13:30:57.658    接收 0x00e403a7 0x0000073d 数据帧 标准帧 08 23 98 00 49 0A 1B 47 49
NORMAL: 2018.02.07 13:30:57.658    返回数据接收完毕，本条指令完成！
NORMAL: 2018.02.07 13:30:58.061    C:/Users/chengshulei.GLBPOWER/Documents/Visual Studio 2013/Projects/DiagnosePage_20180118/Win32/Release/image/loading.gif
NORMAL: 2018.02.07 13:30:59.594    读取故障码成功！
NORMAL: 2018.02.07 13:30:59.796    发送 0000000000 0x00000735 数据帧 标准帧 08 02 3E 00 00 00 00 00 00
NORMAL: 2018.02.07 13:30:59.798    接收 0x00e40c02 0x0000073d 数据帧 标准帧 08 02 7E 00 AA AA AA AA AA
NORMAL: 2018.02.07 13:30:59.967    对应接收的数据帧中值与配置文件完全一致，本条指令完成！
NORMAL: 2018.02.07 13:31:01.801    发送 0000000000 0x00000735 数据帧 标准帧 08 02 3E 00 00 00 00 00 00
NORMAL: 2018.02.07 13:31:01.803    接收 0x00e413d8 0x0000073d 数据帧 标准帧 08 02 7E 00 AA AA AA AA AA
NORMAL: 2018.02.07 13:31:01.805    对应接收的数据帧中值与配置文件完全一致，本条指令完成！
NORMAL: 2018.02.07 13:31:03.806    发送 0000000000 0x00000735 数据帧 标准帧 08 02 3E 00 00 00 00 00 00
NORMAL: 2018.02.07 13:31:03.808    接收 0x00e41bad 0x0000073d 数据帧 标准帧 08 02 7E 00 AA AA AA AA AA
NORMAL: 2018.02.07 13:31:03.810    对应接收的数据帧中值与配置文件完全一致，本条指令完成！
NORMAL: 2018.02.07 13:31:04.964    CAN设备已经打开，进行关闭！
