NORMAL: 2018.02.07 13:32:00.261    C:/Users/chengshulei.GLBPOWER/Documents/Visual Studio 2013/Projects/DiagnosePage_20180118/Win32/Release
NORMAL: 2018.02.07 13:32:00.261    软件启动！
NORMAL: 2018.02.07 13:32:01.858    选择汽车型号： 吉利帝豪PHEV_ISG
NORMAL: 2018.02.07 13:32:02.867    打开CAN设备成功！
NORMAL: 2018.02.07 13:32:02.867    启动数据收发线程！
NORMAL: 2018.02.07 13:32:02.867    开始进行CAN通信！
NORMAL: 2018.02.07 13:32:03.067    开始进行诊断线程！
NORMAL: 2018.02.07 13:32:03.070    发送 0000000000 0x00000735 数据帧 标准帧 08 02 10 03 00 00 00 00 00
NORMAL: 2018.02.07 13:32:03.071    接收 0x00e50331 0x0000073d 数据帧 标准帧 08 06 50 03 00 32 01 F4 AA
NORMAL: 2018.02.07 13:32:03.072    对应接收的数据帧中值与配置文件完全一致，本条指令完成！
NORMAL: 2018.02.07 13:32:03.075    发送 0000000000 0x00000735 数据帧 标准帧 08 02 27 01 55 55 55 55 55
NORMAL: 2018.02.07 13:32:03.075    接收 0x00e50336 0x0000073d 数据帧 标准帧 08 06 67 01 00 05 C9 23 AA
NORMAL: 2018.02.07 13:32:03.077    对应接收的数据帧中值与配置文件完全一致，本条指令完成！
NORMAL: 2018.02.07 13:32:03.079    发送 0000000000 0x00000735 数据帧 标准帧 08 06 27 02 A0 D7 55 5E 55
NORMAL: 2018.02.07 13:32:03.081    接收 0x00e5033b 0x0000073d 数据帧 标准帧 08 02 67 02 AA AA AA AA AA
NORMAL: 2018.02.07 13:32:03.082    对应接收的数据帧中值与配置文件完全一致，本条指令完成！
NORMAL: 2018.02.07 13:32:03.084    发送 0000000000 0x00000735 数据帧 标准帧 08 02 3E 00 00 00 00 00 00
NORMAL: 2018.02.07 13:32:03.086    接收 0x00e50340 0x0000073d 数据帧 标准帧 08 02 7E 00 AA AA AA AA AA
NORMAL: 2018.02.07 13:32:03.087    对应接收的数据帧中值与配置文件完全一致，本条指令完成！
NORMAL: 2018.02.07 13:32:03.087    选中车型对应配置文件：C:/Users/chengshulei.GLBPOWER/Documents/Visual Studio 2013/Projects/DiagnosePage_20180118/Win32/Release/configure/帝豪PHEV_ISG/Diag_Set.txt
NORMAL: 2018.02.07 13:32:03.222    开始读取ECU信息！
NORMAL: 2018.02.07 13:32:03.289    发送 0000000000 0x00000735 数据帧 标准帧 08 03 22 F1 12 00 00 00 00
NORMAL: 2018.02.07 13:32:03.291    接收 0x00e5040d 0x0000073d 数据帧 标准帧 08 10 0B 62 F1 12 00 00 00
NORMAL: 2018.02.07 13:32:03.292    返回数据接收完毕，本条指令完成！
NORMAL: 2018.02.07 13:32:03.294    发送 0000000000 0x00000735 数据帧 标准帧 08 30 00 00 00 00 00 00 00
NORMAL: 2018.02.07 13:32:03.294    接收 0x00e50411 0x0000073d 数据帧 标准帧 08 21 00 00 00 00 00 AA AA
NORMAL: 2018.02.07 13:32:03.297    返回数据接收完毕，本条指令完成！
NORMAL: 2018.02.07 13:32:03.299    发送 0000000000 0x00000735 数据帧 标准帧 08 03 22 F1 87 00 00 00 00
NORMAL: 2018.02.07 13:32:03.299    接收 0x00e50416 0x0000073d 数据帧 标准帧 08 10 0B 62 F1 87 30 30 30
NORMAL: 2018.02.07 13:32:03.302    返回数据接收完毕，本条指令完成！
NORMAL: 2018.02.07 13:32:03.304    发送 0000000000 0x00000735 数据帧 标准帧 08 30 00 00 00 00 00 00 00
NORMAL: 2018.02.07 13:32:03.306    接收 0x00e5041b 0x0000073d 数据帧 标准帧 08 21 30 30 30 30 30 AA AA
NORMAL: 2018.02.07 13:32:03.307    返回数据接收完毕，本条指令完成！
NORMAL: 2018.02.07 13:32:03.309    发送 0000000000 0x00000735 数据帧 标准帧 08 03 22 F1 89 00 00 00 00
NORMAL: 2018.02.07 13:32:03.310    接收 0x00e50421 0x0000073d 数据帧 标准帧 08 10 13 62 F1 89 30 30 30
NORMAL: 2018.02.07 13:32:03.313    返回数据接收完毕，本条指令完成！
NORMAL: 2018.02.07 13:32:03.316    发送 0000000000 0x00000735 数据帧 标准帧 08 30 00 00 00 00 00 00 00
NORMAL: 2018.02.07 13:32:03.316    接收 0x00e50425 0x0000073d 数据帧 标准帧 08 21 30 30 30 30 30 30 30
NORMAL: 2018.02.07 13:32:03.317    接收 0x00e50427 0x0000073d 数据帧 标准帧 08 22 30 30 30 30 30 30 AA
NORMAL: 2018.02.07 13:32:03.317    返回数据接收完毕，本条指令完成！
NORMAL: 2018.02.07 13:32:03.320    发送 0000000000 0x00000735 数据帧 标准帧 08 03 22 F1 8A 00 00 00 00
NORMAL: 2018.02.07 13:32:03.320    接收 0x00e5042b 0x0000073d 数据帧 标准帧 08 10 0D 62 F1 8A 30 30 30
NORMAL: 2018.02.07 13:32:03.322    返回数据接收完毕，本条指令完成！
NORMAL: 2018.02.07 13:32:03.324    发送 0000000000 0x00000735 数据帧 标准帧 08 30 00 00 00 00 00 00 00
NORMAL: 2018.02.07 13:32:03.326    接收 0x00e50430 0x0000073d 数据帧 标准帧 08 21 30 30 30 30 30 30 30
NORMAL: 2018.02.07 13:32:03.327    返回数据接收完毕，本条指令完成！
NORMAL: 2018.02.07 13:32:03.329    发送 0000000000 0x00000735 数据帧 标准帧 08 03 22 F1 8B 00 00 00 00
NORMAL: 2018.02.07 13:32:03.331    接收 0x00e50435 0x0000073d 数据帧 标准帧 08 07 62 F1 8B 20 17 12 10
NORMAL: 2018.02.07 13:32:03.332    返回数据接收完毕，本条指令完成！
NORMAL: 2018.02.07 13:32:03.334    发送 0000000000 0x00000735 数据帧 标准帧 08 03 22 F1 8C 00 00 00 00
NORMAL: 2018.02.07 13:32:03.334    接收 0x00e50439 0x0000073d 数据帧 标准帧 08 10 13 62 F1 8C 31 32 33
NORMAL: 2018.02.07 13:32:03.337    返回数据接收完毕，本条指令完成！
NORMAL: 2018.02.07 13:32:03.339    发送 0000000000 0x00000735 数据帧 标准帧 08 30 00 00 00 00 00 00 00
NORMAL: 2018.02.07 13:32:03.341    接收 0x00e5043f 0x0000073d 数据帧 标准帧 08 21 34 35 36 37 38 39 41
NORMAL: 2018.02.07 13:32:03.342    接收 0x00e5043f 0x0000073d 数据帧 标准帧 08 22 42 43 44 45 46 31 AA
NORMAL: 2018.02.07 13:32:03.342    返回数据接收完毕，本条指令完成！
NORMAL: 2018.02.07 13:32:03.344    发送 0000000000 0x00000735 数据帧 标准帧 08 03 22 F1 90 00 00 00 00
NORMAL: 2018.02.07 13:32:03.346    接收 0x00e50444 0x0000073d 数据帧 标准帧 08 10 14 62 F1 90 00 00 00
NORMAL: 2018.02.07 13:32:03.347    返回数据接收完毕，本条指令完成！
NORMAL: 2018.02.07 13:32:03.349    发送 0000000000 0x00000735 数据帧 标准帧 08 30 00 00 00 00 00 00 00
NORMAL: 2018.02.07 13:32:03.351    接收 0x00e50449 0x0000073d 数据帧 标准帧 08 21 00 00 00 00 00 00 00
NORMAL: 2018.02.07 13:32:03.352    接收 0x00e50449 0x0000073d 数据帧 标准帧 08 22 00 00 00 00 00 00 00
NORMAL: 2018.02.07 13:32:03.352    返回数据接收完毕，本条指令完成！
NORMAL: 2018.02.07 13:32:03.355    发送 0000000000 0x00000735 数据帧 标准帧 08 03 22 F1 93 00 00 00 00
NORMAL: 2018.02.07 13:32:03.355    接收 0x00e5044d 0x0000073d 数据帧 标准帧 08 10 13 62 F1 93 31 32 33
NORMAL: 2018.02.07 13:32:03.357    返回数据接收完毕，本条指令完成！
NORMAL: 2018.02.07 13:32:03.359    发送 0000000000 0x00000735 数据帧 标准帧 08 30 00 00 00 00 00 00 00
NORMAL: 2018.02.07 13:32:03.361    接收 0x00e50452 0x0000073d 数据帧 标准帧 08 21 34 35 36 37 38 39 41
NORMAL: 2018.02.07 13:32:03.362    接收 0x00e50453 0x0000073d 数据帧 标准帧 08 22 42 43 44 45 46 31 AA
NORMAL: 2018.02.07 13:32:03.362    返回数据接收完毕，本条指令完成！
NORMAL: 2018.02.07 13:32:03.364    发送 0000000000 0x00000735 数据帧 标准帧 08 03 22 F1 94 00 00 00 00
NORMAL: 2018.02.07 13:32:03.366    接收 0x00e50458 0x0000073d 数据帧 标准帧 08 10 13 62 F1 94 31 32 33
NORMAL: 2018.02.07 13:32:03.367    返回数据接收完毕，本条指令完成！
NORMAL: 2018.02.07 13:32:03.369    发送 0000000000 0x00000735 数据帧 标准帧 08 30 00 00 00 00 00 00 00
NORMAL: 2018.02.07 13:32:03.371    接收 0x00e5045d 0x0000073d 数据帧 标准帧 08 21 34 35 36 37 38 39 41
NORMAL: 2018.02.07 13:32:03.372    接收 0x00e5045d 0x0000073d 数据帧 标准帧 08 22 42 43 44 45 46 31 AA
NORMAL: 2018.02.07 13:32:03.372    返回数据接收完毕，本条指令完成！
NORMAL: 2018.02.07 13:32:03.374    发送 0000000000 0x00000735 数据帧 标准帧 08 03 22 F1 95 00 00 00 00
NORMAL: 2018.02.07 13:32:03.374    接收 0x00e50461 0x0000073d 数据帧 标准帧 08 10 13 62 F1 95 31 32 33
NORMAL: 2018.02.07 13:32:03.377    返回数据接收完毕，本条指令完成！
NORMAL: 2018.02.07 13:32:03.379    发送 0000000000 0x00000735 数据帧 标准帧 08 30 00 00 00 00 00 00 00
NORMAL: 2018.02.07 13:32:03.379    接收 0x00e50466 0x0000073d 数据帧 标准帧 08 21 34 35 36 37 38 39 41
NORMAL: 2018.02.07 13:32:03.381    接收 0x00e50466 0x0000073d 数据帧 标准帧 08 22 42 43 44 45 46 31 AA
NORMAL: 2018.02.07 13:32:03.382    返回数据接收完毕，本条指令完成！
NORMAL: 2018.02.07 13:32:03.384    发送 0000000000 0x00000735 数据帧 标准帧 08 03 22 F1 9D 00 00 00 00
NORMAL: 2018.02.07 13:32:03.386    接收 0x00e5046c 0x0000073d 数据帧 标准帧 08 07 62 F1 9D 00 00 00 00
NORMAL: 2018.02.07 13:32:03.387    返回数据接收完毕，本条指令完成！
NORMAL: 2018.02.07 13:32:03.388    发送 0000000000 0x00000735 数据帧 标准帧 08 03 22 F1 10 00 00 00 00
NORMAL: 2018.02.07 13:32:03.390    接收 0x00e50471 0x0000073d 数据帧 标准帧 08 10 0B 62 F1 10 00 00 00
NORMAL: 2018.02.07 13:32:03.392    返回数据接收完毕，本条指令完成！
NORMAL: 2018.02.07 13:32:03.395    发送 0000000000 0x00000735 数据帧 标准帧 08 30 00 00 00 00 00 00 00
NORMAL: 2018.02.07 13:32:03.395    接收 0x00e50475 0x0000073d 数据帧 标准帧 08 21 00 00 00 00 00 AA AA
NORMAL: 2018.02.07 13:32:03.397    返回数据接收完毕，本条指令完成！
NORMAL: 2018.02.07 13:32:03.399    发送 0000000000 0x00000735 数据帧 标准帧 08 03 22 F1 01 00 00 00 00
NORMAL: 2018.02.07 13:32:03.401    接收 0x00e5047b 0x0000073d 数据帧 标准帧 08 04 62 F1 01 00 AA AA AA
NORMAL: 2018.02.07 13:32:03.402    返回数据接收完毕，本条指令完成！
NORMAL: 2018.02.07 13:32:03.404    发送 0000000000 0x00000735 数据帧 标准帧 08 03 22 F1 92 00 00 00 00
NORMAL: 2018.02.07 13:32:03.406    接收 0x00e50480 0x0000073d 数据帧 标准帧 08 10 13 62 F1 92 31 32 33
NORMAL: 2018.02.07 13:32:03.407    返回数据接收完毕，本条指令完成！
NORMAL: 2018.02.07 13:32:03.409    发送 0000000000 0x00000735 数据帧 标准帧 08 30 00 00 00 00 00 00 00
NORMAL: 2018.02.07 13:32:03.409    接收 0x00e50484 0x0000073d 数据帧 标准帧 08 21 34 35 36 37 38 39 41
NORMAL: 2018.02.07 13:32:03.411    接收 0x00e50485 0x0000073d 数据帧 标准帧 08 22 42 43 44 45 46 31 AA
NORMAL: 2018.02.07 13:32:03.412    返回数据接收完毕，本条指令完成！
NORMAL: 2018.02.07 13:32:03.414    发送 0000000000 0x00000735 数据帧 标准帧 08 03 22 F1 98 00 00 00 00
NORMAL: 2018.02.07 13:32:03.418    接收 0x00e5048b 0x0000073d 数据帧 标准帧 08 10 13 62 F1 98 00 00 00
NORMAL: 2018.02.07 13:32:03.418    返回数据接收完毕，本条指令完成！
NORMAL: 2018.02.07 13:32:03.420    发送 0000000000 0x00000735 数据帧 标准帧 08 30 00 00 00 00 00 00 00
NORMAL: 2018.02.07 13:32:03.420    接收 0x00e5048f 0x0000073d 数据帧 标准帧 08 21 00 00 00 00 00 00 00
NORMAL: 2018.02.07 13:32:03.422    接收 0x00e5048f 0x0000073d 数据帧 标准帧 08 22 00 00 00 00 00 00 AA
NORMAL: 2018.02.07 13:32:03.423    返回数据接收完毕，本条指令完成！
NORMAL: 2018.02.07 13:32:03.424    发送 0000000000 0x00000735 数据帧 标准帧 08 03 22 F1 99 00 00 00 00
NORMAL: 2018.02.07 13:32:03.426    接收 0x00e50494 0x0000073d 数据帧 标准帧 08 07 62 F1 99 00 00 00 00
NORMAL: 2018.02.07 13:32:03.428    返回数据接收完毕，本条指令完成！
NORMAL: 2018.02.07 13:32:03.430    发送 0000000000 0x00000735 数据帧 标准帧 08 03 22 F1 80 00 00 00 00
NORMAL: 2018.02.07 13:32:03.430    接收 0x00e50499 0x0000073d 数据帧 标准帧 08 10 13 62 F1 80 31 32 33
NORMAL: 2018.02.07 13:32:03.433    返回数据接收完毕，本条指令完成！
NORMAL: 2018.02.07 13:32:03.435    发送 0000000000 0x00000735 数据帧 标准帧 08 30 00 00 00 00 00 00 00
NORMAL: 2018.02.07 13:32:03.435    接收 0x00e5049e 0x0000073d 数据帧 标准帧 08 21 34 35 36 37 38 39 41
NORMAL: 2018.02.07 13:32:03.437    接收 0x00e5049e 0x0000073d 数据帧 标准帧 08 22 42 43 44 45 46 31 AA
NORMAL: 2018.02.07 13:32:03.438    返回数据接收完毕，本条指令完成！
NORMAL: 2018.02.07 13:32:03.438    读取ECU信息成功！
NORMAL: 2018.02.07 13:32:05.239    发送 0000000000 0x00000735 数据帧 标准帧 08 02 3E 00 00 00 00 00 00
NORMAL: 2018.02.07 13:32:05.241    接收 0x00e50bab 0x0000073d 数据帧 标准帧 08 02 7E 00 AA AA AA AA AA
NORMAL: 2018.02.07 13:32:05.243    对应接收的数据帧中值与配置文件完全一致，本条指令完成！
NORMAL: 2018.02.07 13:32:05.346    开始读取故障码！
NORMAL: 2018.02.07 13:32:05.445    发送 0000000000 0x00000735 数据帧 标准帧 08 03 19 02 FF 00 00 00 00
NORMAL: 2018.02.07 13:32:05.448    接收 0x00e50c7a 0x0000073d 数据帧 标准帧 08 12 4B 59 02 49 1C 03 00
NORMAL: 2018.02.07 13:32:05.453    返回数据接收完毕，本条指令完成！
NORMAL: 2018.02.07 13:32:05.455    发送 0000000000 0x00000735 数据帧 标准帧 08 30 00 00 00 00 00 00 00
NORMAL: 2018.02.07 13:32:05.455    接收 0x00e50c83 0x0000073d 数据帧 标准帧 08 21 49 06 06 00 49 15 03
NORMAL: 2018.02.07 13:32:05.458    接收 0x00e50c85 0x0000073d 数据帧 标准帧 08 22 00 49 0A 1B 01 49 11
NORMAL: 2018.02.07 13:32:05.460    接收 0x00e50c86 0x0000073d 数据帧 标准帧 08 23 00 00 49 11 01 00 49
NORMAL: 2018.02.07 13:32:05.461    接收 0x00e50c87 0x0000073d 数据帧 标准帧 08 24 11 02 00 49 11 03 00
NORMAL: 2018.02.07 13:32:05.461    接收 0x00e50c88 0x0000073d 数据帧 标准帧 08 25 49 11 04 00 49 11 05
NORMAL: 2018.02.07 13:32:05.462    接收 0x00e50c89 0x0000073d 数据帧 标准帧 08 26 00 49 11 07 00 49 11
NORMAL: 2018.02.07 13:32:05.463    接收 0x00e50c8a 0x0000073d 数据帧 标准帧 08 27 08 00 49 11 09 00 49
NORMAL: 2018.02.07 13:32:05.464    接收 0x00e50c8b 0x0000073d 数据帧 标准帧 08 28 11 0B 00 49 11 0C 00
NORMAL: 2018.02.07 13:32:05.465    接收 0x00e50c8c 0x0000073d 数据帧 标准帧 08 29 49 11 0D 00 49 11 0E
NORMAL: 2018.02.07 13:32:05.466    接收 0x00e50c8d 0x0000073d 数据帧 标准帧 08 2A 00 49 11 0F 00 49 11
NORMAL: 2018.02.07 13:32:05.467    接收 0x00e50c8e 0x0000073d 数据帧 标准帧 08 2B 10 00 49 11 11 00 49
NORMAL: 2018.02.07 13:32:05.469    接收 0x00e50c90 0x0000073d 数据帧 标准帧 08 2C 11 12 00 49 11 13 00
NORMAL: 2018.02.07 13:32:05.471    接收 0x00e50c92 0x0000073d 数据帧 标准帧 08 2D 49 11 15 00 49 11 16
NORMAL: 2018.02.07 13:32:05.475    接收 0x00e50c94 0x0000073d 数据帧 标准帧 08 2E 00 49 11 17 00 49 11
NORMAL: 2018.02.07 13:32:05.475    接收 0x00e50c96 0x0000073d 数据帧 标准帧 08 2F 18 00 49 11 19 00 49
NORMAL: 2018.02.07 13:32:05.475    接收 0x00e50c97 0x0000073d 数据帧 标准帧 08 20 11 1B 00 49 11 1C 00
NORMAL: 2018.02.07 13:32:05.477    接收 0x00e50c98 0x0000073d 数据帧 标准帧 08 21 49 11 1D 00 49 11 1E
NORMAL: 2018.02.07 13:32:05.478    接收 0x00e50c99 0x0000073d 数据帧 标准帧 08 22 00 49 11 20 00 49 11
NORMAL: 2018.02.07 13:32:05.479    接收 0x00e50c9a 0x0000073d 数据帧 标准帧 08 23 21 00 49 11 22 00 49
NORMAL: 2018.02.07 13:32:05.480    接收 0x00e50c9b 0x0000073d 数据帧 标准帧 08 24 11 23 00 49 11 24 00
NORMAL: 2018.02.07 13:32:05.481    接收 0x00e50c9c 0x0000073d 数据帧 标准帧 08 25 49 11 25 00 49 11 27
NORMAL: 2018.02.07 13:32:05.483    接收 0x00e50c9e 0x0000073d 数据帧 标准帧 08 26 00 49 11 28 00 49 11
NORMAL: 2018.02.07 13:32:05.484    接收 0x00e50c9f 0x0000073d 数据帧 标准帧 08 27 29 00 49 11 2A 00 49
NORMAL: 2018.02.07 13:32:05.485    接收 0x00e50ca0 0x0000073d 数据帧 标准帧 08 28 11 2B 00 49 11 2C 00
NORMAL: 2018.02.07 13:32:05.486    接收 0x00e50ca1 0x0000073d 数据帧 标准帧 08 29 49 11 2D 00 49 11 2E
NORMAL: 2018.02.07 13:32:05.487    接收 0x00e50ca2 0x0000073d 数据帧 标准帧 08 2A 00 49 11 2F 00 49 11
NORMAL: 2018.02.07 13:32:05.488    接收 0x00e50ca3 0x0000073d 数据帧 标准帧 08 2B 30 00 49 11 31 00 49
NORMAL: 2018.02.07 13:32:05.489    接收 0x00e50ca4 0x0000073d 数据帧 标准帧 08 2C 11 32 00 49 11 33 00
NORMAL: 2018.02.07 13:32:05.490    接收 0x00e50ca5 0x0000073d 数据帧 标准帧 08 2D 49 11 34 00 49 11 36
NORMAL: 2018.02.07 13:32:05.491    接收 0x00e50ca6 0x0000073d 数据帧 标准帧 08 2E 00 49 11 37 00 49 06
NORMAL: 2018.02.07 13:32:05.492    接收 0x00e50ca7 0x0000073d 数据帧 标准帧 08 2F 2F 42 49 06 2F 43 49
NORMAL: 2018.02.07 13:32:05.494    接收 0x00e50ca9 0x0000073d 数据帧 标准帧 08 20 06 2F 45 49 15 04 00
NORMAL: 2018.02.07 13:32:05.496    接收 0x00e50cab 0x0000073d 数据帧 标准帧 08 21 49 D2 0C 00 49 D2 0D
NORMAL: 2018.02.07 13:32:05.499    接收 0x00e50cad 0x0000073d 数据帧 标准帧 08 22 00 49 D2 00 00 49 D2
NORMAL: 2018.02.07 13:32:05.500    接收 0x00e50caf 0x0000073d 数据帧 标准帧 08 23 01 00 49 D2 02 00 49
NORMAL: 2018.02.07 13:32:05.500    接收 0x00e50cb0 0x0000073d 数据帧 标准帧 08 24 D2 03 00 49 D2 04 00
NORMAL: 2018.02.07 13:32:05.502    接收 0x00e50cb1 0x0000073d 数据帧 标准帧 08 25 49 D2 05 00 49 D2 06
NORMAL: 2018.02.07 13:32:05.503    接收 0x00e50cb2 0x0000073d 数据帧 标准帧 08 26 00 49 D2 07 00 49 D2
NORMAL: 2018.02.07 13:32:05.504    接收 0x00e50cb3 0x0000073d 数据帧 标准帧 08 27 08 00 49 D2 09 00 49
NORMAL: 2018.02.07 13:32:05.505    接收 0x00e50cb4 0x0000073d 数据帧 标准帧 08 28 D2 0A 00 49 D2 0B 00
NORMAL: 2018.02.07 13:32:05.506    接收 0x00e50cb5 0x0000073d 数据帧 标准帧 08 29 49 06 B0 13 49 1C 06
NORMAL: 2018.02.07 13:32:05.508    接收 0x00e50cb7 0x0000073d 数据帧 标准帧 08 2A 19 49 C0 73 88 49 0A
NORMAL: 2018.02.07 13:32:05.509    接收 0x00e50cb8 0x0000073d 数据帧 标准帧 08 2B 90 00 49 0C 01 00 49
NORMAL: 2018.02.07 13:32:05.510    接收 0x00e50cb9 0x0000073d 数据帧 标准帧 08 2C 0B E5 00 49 18 00 12
NORMAL: 2018.02.07 13:32:05.511    接收 0x00e50cba 0x0000073d 数据帧 标准帧 08 2D 49 0B E8 00 49 18 00
NORMAL: 2018.02.07 13:32:05.512    接收 0x00e50cbb 0x0000073d 数据帧 标准帧 08 2E 11 49 0B E7 00 49 0B
NORMAL: 2018.02.07 13:32:05.513    接收 0x00e50cbc 0x0000073d 数据帧 标准帧 08 2F FD 00 49 0B E9 00 49
NORMAL: 2018.02.07 13:32:05.514    接收 0x00e50cbd 0x0000073d 数据帧 标准帧 08 20 18 01 12 49 0B EC 00
NORMAL: 2018.02.07 13:32:05.515    接收 0x00e50cbe 0x0000073d 数据帧 标准帧 08 21 49 18 01 11 49 0B EB
NORMAL: 2018.02.07 13:32:05.516    接收 0x00e50cbf 0x0000073d 数据帧 标准帧 08 22 00 49 0B ED 00 49 18
NORMAL: 2018.02.07 13:32:05.517    接收 0x00e50cc0 0x0000073d 数据帧 标准帧 08 23 02 12 49 0B F0 00 49
NORMAL: 2018.02.07 13:32:05.519    接收 0x00e50cc2 0x0000073d 数据帧 标准帧 08 24 18 02 11 49 0B EF 00
NORMAL: 2018.02.07 13:32:05.521    接收 0x00e50cc4 0x0000073d 数据帧 标准帧 08 25 49 1C 08 19 49 13 00
NORMAL: 2018.02.07 13:32:05.523    接收 0x00e50cc6 0x0000073d 数据帧 标准帧 08 26 00 49 13 03 00 49 13
NORMAL: 2018.02.07 13:32:05.525    接收 0x00e50cc8 0x0000073d 数据帧 标准帧 08 27 04 00 49 13 05 00 49
NORMAL: 2018.02.07 13:32:05.527    接收 0x00e50cca 0x0000073d 数据帧 标准帧 08 28 13 06 00 49 13 07 00
NORMAL: 2018.02.07 13:32:05.529    接收 0x00e50ccc 0x0000073d 数据帧 标准帧 08 29 49 13 08 00 49 13 09
NORMAL: 2018.02.07 13:32:05.531    接收 0x00e50cce 0x0000073d 数据帧 标准帧 08 2A 00 49 13 0A 00 49 13
NORMAL: 2018.02.07 13:32:05.533    接收 0x00e50cd0 0x0000073d 数据帧 标准帧 08 2B 0B 00 49 13 0C 00 49
NORMAL: 2018.02.07 13:32:05.535    接收 0x00e50cd2 0x0000073d 数据帧 标准帧 08 2C 13 13 00 49 C2 93 00
NORMAL: 2018.02.07 13:32:05.536    接收 0x00e50cd3 0x0000073d 数据帧 标准帧 08 2D 49 15 07 00 49 14 00
NORMAL: 2018.02.07 13:32:05.538    接收 0x00e50cd5 0x0000073d 数据帧 标准帧 08 2E 00 49 0C 17 91 49 0C
NORMAL: 2018.02.07 13:32:05.541    接收 0x00e50cd6 0x0000073d 数据帧 标准帧 08 2F 4E 99 49 17 00 00 49
NORMAL: 2018.02.07 13:32:05.541    接收 0x00e50cd7 0x0000073d 数据帧 标准帧 08 20 17 01 00 49 C4 01 00
NORMAL: 2018.02.07 13:32:05.541    接收 0x00e50cd8 0x0000073d 数据帧 标准帧 08 21 49 0C 53 00 49 0C 51
NORMAL: 2018.02.07 13:32:05.542    接收 0x00e50cd9 0x0000073d 数据帧 标准帧 08 22 1C 49 0C 52 00 49 0A
NORMAL: 2018.02.07 13:32:05.543    接收 0x00e50cda 0x0000073d 数据帧 标准帧 08 23 44 00 49 17 09 00 49
NORMAL: 2018.02.07 13:32:05.544    接收 0x00e50cdb 0x0000073d 数据帧 标准帧 08 24 1C 0E 00 49 0A 8E 00
NORMAL: 2018.02.07 13:32:05.546    接收 0x00e50cdc 0x0000073d 数据帧 标准帧 08 25 49 0A EF 00 49 0A F0
NORMAL: 2018.02.07 13:32:05.546    接收 0x00e50cdd 0x0000073d 数据帧 标准帧 08 26 00 49 0A ED 00 49 0A
NORMAL: 2018.02.07 13:32:05.547    接收 0x00e50cde 0x0000073d 数据帧 标准帧 08 27 F4 00 49 0A F5 00 49
NORMAL: 2018.02.07 13:32:05.549    接收 0x00e50ce0 0x0000073d 数据帧 标准帧 08 28 0A F2 00 49 0B D3 00
NORMAL: 2018.02.07 13:32:05.551    接收 0x00e50ce2 0x0000073d 数据帧 标准帧 08 29 49 0B D4 00 49 0A D1
NORMAL: 2018.02.07 13:32:05.553    接收 0x00e50ce4 0x0000073d 数据帧 标准帧 08 2A 00 49 19 87 00 49 19
NORMAL: 2018.02.07 13:32:05.555    接收 0x00e50ce6 0x0000073d 数据帧 标准帧 08 2B 89 00 49 0A 32 00 49
NORMAL: 2018.02.07 13:32:05.556    接收 0x00e50ce7 0x0000073d 数据帧 标准帧 08 2C 0A 33 00 49 19 83 00
NORMAL: 2018.02.07 13:32:05.557    接收 0x00e50ce8 0x0000073d 数据帧 标准帧 08 2D 49 19 85 00 49 05 63
NORMAL: 2018.02.07 13:32:05.558    接收 0x00e50ce9 0x0000073d 数据帧 标准帧 08 2E 00 49 05 62 00 49 0C
NORMAL: 2018.02.07 13:32:05.559    接收 0x00e50cea 0x0000073d 数据帧 标准帧 08 2F 79 00 49 0C 79 17 49
NORMAL: 2018.02.07 13:32:05.560    接收 0x00e50ceb 0x0000073d 数据帧 标准帧 08 20 06 43 00 49 06 51 00
NORMAL: 2018.02.07 13:32:05.561    接收 0x00e50cec 0x0000073d 数据帧 标准帧 08 21 49 06 52 00 49 1C 15
NORMAL: 2018.02.07 13:32:05.563    接收 0x00e50cee 0x0000073d 数据帧 标准帧 08 22 00 49 06 99 00 49 06
NORMAL: 2018.02.07 13:32:05.564    接收 0x00e50cef 0x0000073d 数据帧 标准帧 08 23 98 00 49 0A 1B 47 49
NORMAL: 2018.02.07 13:32:05.564    返回数据接收完毕，本条指令完成！
NORMAL: 2018.02.07 13:32:05.903    C:/Users/chengshulei.GLBPOWER/Documents/Visual Studio 2013/Projects/DiagnosePage_20180118/Win32/Release/image/loading.gif
NORMAL: 2018.02.07 13:32:07.404    读取故障码成功！
NORMAL: 2018.02.07 13:32:09.206    发送 0000000000 0x00000735 数据帧 标准帧 08 02 3E 00 00 00 00 00 00
NORMAL: 2018.02.07 13:32:09.208    接收 0x00e51b2a 0x0000073d 数据帧 标准帧 08 02 7E 00 AA AA AA AA AA
NORMAL: 2018.02.07 13:32:09.211    对应接收的数据帧中值与配置文件完全一致，本条指令完成！
NORMAL: 2018.02.07 13:32:12.091    CAN设备已经打开，进行关闭！
