c:\users\chengshulei.glbpower\documents\visual studio 2013\projects\diagnosepage_20180118\diagnosepage\release\loaddialog.obj
c:\users\chengshulei.glbpower\documents\visual studio 2013\projects\diagnosepage_20180118\diagnosepage\release\moc_writeecupage.obj
c:\users\chengshulei.glbpower\documents\visual studio 2013\projects\diagnosepage_20180118\diagnosepage\release\moc_specialfunction.obj
c:\users\chengshulei.glbpower\documents\visual studio 2013\projects\diagnosepage_20180118\diagnosepage\release\moc_selectmodelpage.obj
c:\users\chengshulei.glbpower\documents\visual studio 2013\projects\diagnosepage_20180118\diagnosepage\release\moc_routinecontrol.obj
c:\users\chengshulei.glbpower\documents\visual studio 2013\projects\diagnosepage_20180118\diagnosepage\release\moc_readrealtimedata.obj
c:\users\chengshulei.glbpower\documents\visual studio 2013\projects\diagnosepage_20180118\diagnosepage\release\moc_readecu.obj
c:\users\chengshulei.glbpower\documents\visual studio 2013\projects\diagnosepage_20180118\diagnosepage\release\moc_prompt.obj
c:\users\chengshulei.glbpower\documents\visual studio 2013\projects\diagnosepage_20180118\diagnosepage\release\moc_operatecontrol.obj
c:\users\chengshulei.glbpower\documents\visual studio 2013\projects\diagnosepage_20180118\diagnosepage\release\moc_loaddialog.obj
c:\users\chengshulei.glbpower\documents\visual studio 2013\projects\diagnosepage_20180118\diagnosepage\release\moc_diagnosepage.obj
c:\users\chengshulei.glbpower\documents\visual studio 2013\projects\diagnosepage_20180118\diagnosepage\release\moc_dealsettingfile.obj
c:\users\chengshulei.glbpower\documents\visual studio 2013\projects\diagnosepage_20180118\diagnosepage\release\moc_dealfault.obj
c:\users\chengshulei.glbpower\documents\visual studio 2013\projects\diagnosepage_20180118\diagnosepage\release\moc_communicationpage.obj
c:\users\chengshulei.glbpower\documents\visual studio 2013\projects\diagnosepage_20180118\diagnosepage\release\moc_communicationcontrol.obj
c:\users\chengshulei.glbpower\documents\visual studio 2013\projects\diagnosepage_20180118\diagnosepage\release\diagnosepage.obj
c:\users\chengshulei.glbpower\documents\visual studio 2013\projects\diagnosepage_20180118\diagnosepage\release\dealsettingfile.obj
c:\users\chengshulei.glbpower\documents\visual studio 2013\projects\diagnosepage_20180118\diagnosepage\release\dealfault.obj
c:\users\chengshulei.glbpower\documents\visual studio 2013\projects\diagnosepage_20180118\diagnosepage\release\communicationpage.obj
c:\users\chengshulei.glbpower\documents\visual studio 2013\projects\diagnosepage_20180118\diagnosepage\release\communicationcontrol.obj
c:\users\chengshulei.glbpower\documents\visual studio 2013\projects\diagnosepage_20180118\diagnosepage\release\writeecupage.obj
c:\users\chengshulei.glbpower\documents\visual studio 2013\projects\diagnosepage_20180118\diagnosepage\release\specialfunction.obj
c:\users\chengshulei.glbpower\documents\visual studio 2013\projects\diagnosepage_20180118\diagnosepage\release\selectmodelpage.obj
c:\users\chengshulei.glbpower\documents\visual studio 2013\projects\diagnosepage_20180118\diagnosepage\release\routinecontrol.obj
c:\users\chengshulei.glbpower\documents\visual studio 2013\projects\diagnosepage_20180118\diagnosepage\release\readrealtimedata.obj
c:\users\chengshulei.glbpower\documents\visual studio 2013\projects\diagnosepage_20180118\diagnosepage\release\readecu.obj
c:\users\chengshulei.glbpower\documents\visual studio 2013\projects\diagnosepage_20180118\diagnosepage\release\prompt.obj
c:\users\chengshulei.glbpower\documents\visual studio 2013\projects\diagnosepage_20180118\diagnosepage\release\operatecontrol.obj
c:\users\chengshulei.glbpower\documents\visual studio 2013\projects\diagnosepage_20180118\diagnosepage\release\main.obj
c:\users\chengshulei.glbpower\documents\visual studio 2013\projects\diagnosepage_20180118\diagnosepage\release\log.obj
c:\users\chengshulei.glbpower\documents\visual studio 2013\projects\diagnosepage_20180118\diagnosepage\release\qrc_diagnosepage.obj
c:\users\chengshulei.glbpower\documents\visual studio 2013\projects\diagnosepage_20180118\diagnosepage\generatedfiles\release\moc_diagnosepage.cpp
c:\users\chengshulei.glbpower\documents\visual studio 2013\projects\diagnosepage_20180118\diagnosepage\generatedfiles\release\moc_communicationpage.cpp
c:\users\chengshulei.glbpower\documents\visual studio 2013\projects\diagnosepage_20180118\diagnosepage\generatedfiles\release\moc_communicationcontrol.cpp
c:\users\chengshulei.glbpower\documents\visual studio 2013\projects\diagnosepage_20180118\diagnosepage\generatedfiles\release\moc_dealsettingfile.cpp
c:\users\chengshulei.glbpower\documents\visual studio 2013\projects\diagnosepage_20180118\diagnosepage\generatedfiles\release\moc_prompt.cpp
c:\users\chengshulei.glbpower\documents\visual studio 2013\projects\diagnosepage_20180118\diagnosepage\generatedfiles\release\moc_operatecontrol.cpp
c:\users\chengshulei.glbpower\documents\visual studio 2013\projects\diagnosepage_20180118\diagnosepage\generatedfiles\release\moc_loaddialog.cpp
c:\users\chengshulei.glbpower\documents\visual studio 2013\projects\diagnosepage_20180118\diagnosepage\generatedfiles\release\moc_routinecontrol.cpp
c:\users\chengshulei.glbpower\documents\visual studio 2013\projects\diagnosepage_20180118\diagnosepage\generatedfiles\release\moc_writeecupage.cpp
c:\users\chengshulei.glbpower\documents\visual studio 2013\projects\diagnosepage_20180118\diagnosepage\generatedfiles\release\moc_specialfunction.cpp
c:\users\chengshulei.glbpower\documents\visual studio 2013\projects\diagnosepage_20180118\diagnosepage\generatedfiles\release\moc_dealfault.cpp
c:\users\chengshulei.glbpower\documents\visual studio 2013\projects\diagnosepage_20180118\diagnosepage\generatedfiles\release\moc_readecu.cpp
c:\users\chengshulei.glbpower\documents\visual studio 2013\projects\diagnosepage_20180118\diagnosepage\generatedfiles\release\moc_readrealtimedata.cpp
c:\users\chengshulei.glbpower\documents\visual studio 2013\projects\diagnosepage_20180118\diagnosepage\generatedfiles\release\moc_selectmodelpage.cpp
c:\users\chengshulei.glbpower\documents\visual studio 2013\projects\diagnosepage_20180118\diagnosepage\generatedfiles\qrc_diagnosepage.cpp
c:\users\chengshulei.glbpower\documents\visual studio 2013\projects\diagnosepage_20180118\diagnosepage\generatedfiles\ui_diagnosis.h
c:\users\chengshulei.glbpower\documents\visual studio 2013\projects\diagnosepage_20180118\diagnosepage\generatedfiles\ui_selectmodel.h
c:\users\chengshulei.glbpower\documents\visual studio 2013\projects\diagnosepage_20180118\diagnosepage\generatedfiles\ui_ecu.h
c:\users\chengshulei.glbpower\documents\visual studio 2013\projects\diagnosepage_20180118\diagnosepage\generatedfiles\ui_realtimedata.h
c:\users\chengshulei.glbpower\documents\visual studio 2013\projects\diagnosepage_20180118\diagnosepage\generatedfiles\ui_fault.h
c:\users\chengshulei.glbpower\documents\visual studio 2013\projects\diagnosepage_20180118\diagnosepage\generatedfiles\ui_special.h
c:\users\chengshulei.glbpower\documents\visual studio 2013\projects\diagnosepage_20180118\diagnosepage\generatedfiles\ui_writeecu.h
c:\users\chengshulei.glbpower\documents\visual studio 2013\projects\diagnosepage_20180118\diagnosepage\generatedfiles\ui_communication.h
c:\users\chengshulei.glbpower\documents\visual studio 2013\projects\diagnosepage_20180118\diagnosepage\generatedfiles\ui_promptdialog.h
c:\users\chengshulei.glbpower\documents\visual studio 2013\projects\diagnosepage_20180118\diagnosepage\generatedfiles\ui_control.h
c:\users\chengshulei.glbpower\documents\visual studio 2013\projects\diagnosepage_20180118\diagnosepage\generatedfiles\ui_ocontrol.h
c:\users\chengshulei.glbpower\documents\visual studio 2013\projects\diagnosepage_20180118\diagnosepage\generatedfiles\ui_rcontrol.h
c:\users\chengshulei.glbpower\documents\visual studio 2013\projects\diagnosepage_20180118\diagnosepage\generatedfiles\ui_loading.h
c:\users\chengshulei.glbpower\documents\visual studio 2013\projects\diagnosepage_20180118\win32\release\diagnosepage.exe
c:\users\chengshulei.glbpower\documents\visual studio 2013\projects\diagnosepage_20180118\diagnosepage\release\diagnosepage.res
c:\users\chengshulei.glbpower\documents\visual studio 2013\projects\diagnosepage_20180118\diagnosepage\release\diagnosepage.tlog\cl.command.1.tlog
c:\users\chengshulei.glbpower\documents\visual studio 2013\projects\diagnosepage_20180118\diagnosepage\release\diagnosepage.tlog\cl.read.1.tlog
c:\users\chengshulei.glbpower\documents\visual studio 2013\projects\diagnosepage_20180118\diagnosepage\release\diagnosepage.tlog\cl.write.1.tlog
c:\users\chengshulei.glbpower\documents\visual studio 2013\projects\diagnosepage_20180118\diagnosepage\release\diagnosepage.tlog\custombuild.command.1.tlog
c:\users\chengshulei.glbpower\documents\visual studio 2013\projects\diagnosepage_20180118\diagnosepage\release\diagnosepage.tlog\custombuild.read.1.tlog
c:\users\chengshulei.glbpower\documents\visual studio 2013\projects\diagnosepage_20180118\diagnosepage\release\diagnosepage.tlog\custombuild.write.1.tlog
c:\users\chengshulei.glbpower\documents\visual studio 2013\projects\diagnosepage_20180118\diagnosepage\release\diagnosepage.tlog\link.command.1.tlog
c:\users\chengshulei.glbpower\documents\visual studio 2013\projects\diagnosepage_20180118\diagnosepage\release\diagnosepage.tlog\link.read.1.tlog
c:\users\chengshulei.glbpower\documents\visual studio 2013\projects\diagnosepage_20180118\diagnosepage\release\diagnosepage.tlog\link.write.1.tlog
c:\users\chengshulei.glbpower\documents\visual studio 2013\projects\diagnosepage_20180118\diagnosepage\release\diagnosepage.tlog\rc.command.1.tlog
c:\users\chengshulei.glbpower\documents\visual studio 2013\projects\diagnosepage_20180118\diagnosepage\release\diagnosepage.tlog\rc.read.1.tlog
c:\users\chengshulei.glbpower\documents\visual studio 2013\projects\diagnosepage_20180118\diagnosepage\release\diagnosepage.tlog\rc.write.1.tlog
